Log started at 2025-11-05 14:42:50
[Epoch:1] ApiLoss:0.227966
[Evaluate] ApiLoss:0.069238
NDCG_A:[0.445161 0.518431 0.554033 0.567227 0.574626 0.597275 0.598513 0.599865
 0.60373  0.608052 0.602341 0.595876 0.595895 0.595645 0.595543 0.588213
 0.590104 0.590104 0.58944  0.589225 0.592118 0.589283 0.592098 0.591419
 0.592633 0.592633 0.592633 0.591006 0.588778 0.588778]
AP_A:[0.445161 0.503226 0.522581 0.519176 0.522401 0.532079 0.529749 0.523656
 0.521813 0.523313 0.504788 0.492526 0.48935  0.488727 0.48848  0.474648
 0.474666 0.474666 0.472619 0.472013 0.472628 0.462796 0.463357 0.462005
 0.461662 0.461662 0.461662 0.458624 0.454633 0.454633]
Pre_A:[0.445161 0.306452 0.245161 0.224194 0.185806 0.167742 0.15023  0.141935
 0.130466 0.125161 0.12434  0.117204 0.110174 0.103226 0.096774 0.093548
 0.089564 0.084588 0.081494 0.078065 0.074962 0.073607 0.070968 0.068548
 0.066581 0.06402  0.061649 0.060138 0.058509 0.056559]
Recall_A:[0.183136 0.246416 0.288208 0.342186 0.35509  0.389176 0.403065 0.430699
 0.441846 0.475932 0.514552 0.526272 0.539176 0.540699 0.541505 0.555663
 0.565341 0.565341 0.577168 0.581111 0.587563 0.604767 0.610143 0.6131
 0.619767 0.619767 0.619767 0.626756 0.63052  0.63052 ]
[Epoch:2] ApiLoss:0.078463
[Evaluate] ApiLoss:0.094059
NDCG_A:[0.16129  0.210136 0.213362 0.243719 0.366233 0.369601 0.368569 0.388113
 0.388113 0.388113 0.39959  0.399584 0.399584 0.400764 0.400764 0.404192
 0.403731 0.40525  0.404512 0.403845 0.403716 0.403627 0.403627 0.405016
 0.405016 0.404896 0.404896 0.40873  0.409962 0.405041]
AP_A:[0.16129  0.2      0.202151 0.218817 0.265914 0.262957 0.260678 0.261505
 0.261505 0.261505 0.260331 0.260062 0.260062 0.254112 0.254112 0.255028
 0.254137 0.254495 0.252413 0.250853 0.250037 0.249685 0.249685 0.249954
 0.249954 0.249328 0.249328 0.249225 0.249132 0.239788]
Pre_A:[0.16129  0.119355 0.08172  0.083871 0.156129 0.145161 0.126267 0.13629
 0.121147 0.109032 0.106158 0.097849 0.090323 0.092166 0.086022 0.081855
 0.077419 0.073477 0.070968 0.068065 0.065745 0.06305  0.060309 0.058065
 0.055742 0.054094 0.052091 0.051613 0.050278 0.049892]
Recall_A:[0.053978 0.088065 0.089677 0.118118 0.301254 0.340717 0.345556 0.422025
 0.422025 0.422025 0.448477 0.450627 0.450627 0.489247 0.489247 0.495914
 0.497204 0.499355 0.506882 0.511183 0.519785 0.521075 0.521075 0.524301
 0.524301 0.527258 0.527258 0.538405 0.542706 0.555789]
[Epoch:3] ApiLoss:0.078501
[Evaluate] ApiLoss:0.0753
NDCG_A:[0.412903 0.506525 0.542412 0.55289  0.562926 0.573032 0.576499 0.580569
 0.596828 0.596828 0.595436 0.597179 0.598188 0.598111 0.598057 0.598057
 0.59725  0.598769 0.598769 0.598769 0.594902 0.594902 0.594087 0.593257
 0.593257 0.593257 0.588844 0.590394 0.588704 0.588704]
AP_A:[0.412903 0.487097 0.51129  0.506452 0.502581 0.50388  0.50326  0.504873
 0.510466 0.510466 0.507827 0.508365 0.507273 0.506927 0.506636 0.506636
 0.504859 0.505217 0.505217 0.505217 0.498074 0.498074 0.496377 0.494083
 0.494083 0.494083 0.486007 0.486092 0.483088 0.483088]
Pre_A:[0.412903 0.325806 0.243011 0.219355 0.203871 0.182796 0.170507 0.150806
 0.143369 0.129032 0.117889 0.108602 0.101737 0.094931 0.089032 0.083468
 0.079317 0.075269 0.071307 0.067742 0.065438 0.062463 0.060309 0.058871
 0.056516 0.054342 0.053286 0.052074 0.050501 0.048817]
Recall_A:[0.172921 0.259606 0.293692 0.341487 0.389516 0.414731 0.457419 0.463871
 0.492473 0.492473 0.495699 0.497849 0.505376 0.506452 0.507742 0.507742
 0.510699 0.513925 0.513925 0.513925 0.522527 0.522527 0.527903 0.535609
 0.535609 0.535609 0.543136 0.549803 0.553029 0.553029]
[Epoch:4] ApiLoss:0.057091
[Evaluate] ApiLoss:0.049789
NDCG_A:[0.445161 0.469584 0.499541 0.515986 0.53176  0.536329 0.539736 0.548459
 0.551676 0.558993 0.559573 0.559467 0.559283 0.562475 0.573403 0.573403
 0.57495  0.57631  0.572305 0.57202  0.572564 0.572364 0.575174 0.574882
 0.57496  0.577785 0.579326 0.579326 0.579572 0.577875]
AP_A:[0.445161 0.464516 0.480645 0.484767 0.484068 0.48259  0.482225 0.478891
 0.476024 0.473112 0.469866 0.466979 0.46652  0.466768 0.467382 0.467382
 0.467761 0.467367 0.459761 0.458901 0.457321 0.456808 0.454753 0.454054
 0.453694 0.453863 0.454126 0.454126 0.454194 0.451184]
Pre_A:[0.445161 0.280645 0.234409 0.201613 0.190968 0.165591 0.146544 0.13871
 0.126882 0.123871 0.116716 0.111828 0.103722 0.098157 0.097204 0.091129
 0.086148 0.082437 0.079457 0.076129 0.073425 0.070381 0.069004 0.066398
 0.064258 0.062779 0.060932 0.058756 0.056952 0.055269]
Recall_A:[0.183136 0.221756 0.269821 0.314086 0.363495 0.37819  0.388262 0.421272
 0.433315 0.471165 0.487563 0.509821 0.510627 0.52138  0.549982 0.549982
 0.551272 0.558799 0.568208 0.573047 0.579498 0.582724 0.593871 0.596022
 0.600323 0.613226 0.619677 0.619677 0.622903 0.626129]
[Epoch:5] ApiLoss:0.032477
[Evaluate] ApiLoss:0.023592
NDCG_A:[0.445161 0.477725 0.518225 0.525645 0.527427 0.545933 0.548182 0.553212
 0.555489 0.555042 0.558689 0.559185 0.561324 0.56274  0.562942 0.567554
 0.567554 0.567088 0.567088 0.568698 0.569682 0.571108 0.571629 0.573019
 0.573019 0.574376 0.575293 0.575293 0.575086 0.573389]
AP_A:[0.445161 0.470968 0.491398 0.484588 0.479767 0.484462 0.484923 0.483962
 0.484051 0.479822 0.480151 0.478    0.478062 0.477909 0.477936 0.478653
 0.478653 0.477756 0.477756 0.478067 0.477145 0.477438 0.475924 0.476192
 0.476192 0.476441 0.475843 0.475843 0.475277 0.472266]
Pre_A:[0.445161 0.264516 0.225806 0.204839 0.180645 0.166667 0.146544 0.135484
 0.124014 0.114194 0.107331 0.1      0.094789 0.08894  0.083441 0.079839
 0.075142 0.071326 0.067572 0.064839 0.062673 0.060117 0.058345 0.056183
 0.053935 0.052109 0.050657 0.048848 0.047386 0.046022]
Recall_A:[0.183136 0.214803 0.270179 0.317885 0.342025 0.381004 0.389462 0.411989
 0.424355 0.434032 0.446935 0.452742 0.465108 0.471559 0.474785 0.485538
 0.485538 0.486828 0.486828 0.490269 0.49586  0.499086 0.503602 0.506828
 0.506828 0.510054 0.516505 0.516505 0.518656 0.521882]
[Epoch:6] ApiLoss:0.020042
[Evaluate] ApiLoss:0.020664
NDCG_A:[0.445161 0.51436  0.539419 0.552055 0.55164  0.569508 0.573419 0.583658
 0.588444 0.598245 0.597647 0.597944 0.599103 0.598124 0.596618 0.598099
 0.596552 0.596068 0.596068 0.593488 0.593488 0.594914 0.594148 0.592504
 0.591756 0.590092 0.591395 0.591395 0.591435 0.588041]
AP_A:[0.445161 0.5      0.515054 0.514695 0.505018 0.508674 0.510402 0.509882
 0.511054 0.511753 0.509664 0.509233 0.508613 0.50625  0.503454 0.50325
 0.500403 0.499471 0.499471 0.494455 0.494455 0.494748 0.493148 0.490191
 0.488657 0.485679 0.485673 0.485673 0.48357  0.477548]
Pre_A:[0.445161 0.325806 0.249462 0.220968 0.196129 0.180645 0.162212 0.152419
 0.141219 0.132903 0.123167 0.114516 0.1067   0.100461 0.094194 0.089516
 0.08463  0.080287 0.076061 0.073226 0.069739 0.066862 0.064516 0.062097
 0.059871 0.057816 0.056153 0.054147 0.052948 0.051613]
Recall_A:[0.183136 0.260681 0.29043  0.331989 0.366129 0.406846 0.428566 0.463513
 0.482007 0.503943 0.514158 0.520251 0.525627 0.530108 0.533333 0.541398
 0.544624 0.546774 0.546774 0.552097 0.552097 0.555323 0.55828  0.559892
 0.562043 0.563333 0.565161 0.565161 0.571828 0.575591]
[Epoch:7] ApiLoss:0.019016
[Evaluate] ApiLoss:0.02029
NDCG_A:[0.445161 0.518431 0.557947 0.57108  0.574574 0.581242 0.584167 0.585886
 0.587519 0.590489 0.591673 0.593305 0.593601 0.599947 0.599091 0.598484
 0.598484 0.596345 0.596345 0.597075 0.599968 0.602821 0.597175 0.595531
 0.594087 0.594087 0.594358 0.595466 0.596612 0.596612]
AP_A:[0.445161 0.503226 0.530108 0.531183 0.521703 0.512643 0.512001 0.511839
 0.508511 0.507544 0.506615 0.506068 0.497672 0.49846  0.496129 0.494919
 0.492452 0.488438 0.488438 0.487148 0.487762 0.488349 0.477662 0.474705
 0.471572 0.471572 0.471665 0.47134  0.470933 0.470933]
Pre_A:[0.445161 0.325806 0.247312 0.212903 0.193548 0.184946 0.169585 0.150806
 0.137634 0.127097 0.117302 0.110215 0.107196 0.102765 0.097634 0.091935
 0.087287 0.083154 0.078778 0.075806 0.072811 0.070088 0.068724 0.066129
 0.064258 0.061787 0.059737 0.058065 0.05673  0.054839]
Recall_A:[0.183136 0.259606 0.299068 0.334821 0.373387 0.420108 0.454194 0.46172
 0.473226 0.484695 0.492222 0.499659 0.520914 0.535914 0.544158 0.547384
 0.5519   0.555663 0.555663 0.565341 0.571792 0.577168 0.591685 0.593297
 0.601362 0.601362 0.603513 0.607814 0.615341 0.615341]
[Epoch:8] ApiLoss:0.01842
[Evaluate] ApiLoss:0.019951
NDCG_A:[0.445161 0.518431 0.543896 0.577497 0.585821 0.586852 0.590882 0.607729
 0.607324 0.608565 0.604388 0.604704 0.604585 0.606708 0.606437 0.608015
 0.607098 0.607907 0.60574  0.60574  0.60574  0.608123 0.607984 0.607984
 0.609356 0.609356 0.609356 0.608857 0.608302 0.608445]
AP_A:[0.445161 0.503226 0.513978 0.533333 0.529964 0.522061 0.523543 0.52969
 0.527405 0.526455 0.518538 0.516387 0.513148 0.511228 0.510206 0.51061
 0.506178 0.500158 0.496106 0.496106 0.496106 0.495515 0.492515 0.4923
 0.492558 0.492558 0.492558 0.491087 0.489531 0.489498]
Pre_A:[0.445161 0.325806 0.270968 0.225806 0.20129  0.186022 0.169585 0.158871
 0.14552  0.133548 0.123167 0.113978 0.107196 0.101843 0.095914 0.090323
 0.086528 0.084229 0.080475 0.076452 0.072811 0.070674 0.068724 0.066129
 0.063742 0.06129  0.05902  0.057373 0.056062 0.054409]
Recall_A:[0.183136 0.259606 0.313584 0.353047 0.385573 0.425753 0.454194 0.482796
 0.495878 0.504122 0.511111 0.517563 0.52638  0.541434 0.547885 0.550036
 0.557778 0.576595 0.580358 0.580358 0.580358 0.585645 0.593118 0.595269
 0.598495 0.598495 0.598495 0.603871 0.609964 0.61319 ]
[Epoch:9] ApiLoss:0.018121
[Evaluate] ApiLoss:0.020091
NDCG_A:[0.445161 0.506219 0.532721 0.564124 0.568395 0.575269 0.579901 0.581947
 0.584224 0.594806 0.595273 0.596769 0.592921 0.590078 0.594917 0.596094
 0.596043 0.592914 0.594698 0.594221 0.592276 0.591398 0.594041 0.586821
 0.586088 0.586088 0.586088 0.586088 0.585581 0.585581]
AP_A:[0.445161 0.493548 0.506452 0.52509  0.513477 0.50491  0.506875 0.507252
 0.507162 0.508868 0.506345 0.505817 0.498144 0.492537 0.493828 0.492789
 0.490184 0.484449 0.484913 0.484007 0.478032 0.475954 0.476057 0.460178
 0.458823 0.458823 0.458823 0.458823 0.457515 0.457515]
Pre_A:[0.445161 0.296774 0.247312 0.208065 0.193548 0.184946 0.169585 0.150806
 0.138351 0.131613 0.121994 0.113978 0.107692 0.101382 0.095914 0.091532
 0.087287 0.083154 0.079457 0.075806 0.073425 0.070968 0.068724 0.06828
 0.065806 0.063275 0.060932 0.058756 0.057175 0.055269]
Recall_A:[0.183136 0.240609 0.288047 0.327509 0.375036 0.420108 0.454194 0.46172
 0.474803 0.498029 0.508513 0.516846 0.525896 0.532563 0.539552 0.548871
 0.554427 0.559803 0.566254 0.567545 0.575287 0.581738 0.589265 0.611846
 0.615072 0.615072 0.615072 0.615072 0.621523 0.621523]
[Epoch:10] ApiLoss:0.018034
[Evaluate] ApiLoss:0.020151
NDCG_A:[0.445161 0.518431 0.557947 0.57592  0.574709 0.584675 0.586851 0.604102
 0.605627 0.606983 0.610494 0.609305 0.609012 0.606976 0.601681 0.599706
 0.597472 0.597541 0.596982 0.598656 0.599742 0.600973 0.60188  0.602702
 0.599112 0.598782 0.596215 0.596215 0.593751 0.593491]
AP_A:[0.445161 0.503226 0.530108 0.529032 0.517849 0.517133 0.516037 0.522795
 0.522365 0.520859 0.51825  0.515639 0.514887 0.51097  0.500909 0.497219
 0.49282  0.490097 0.489003 0.489355 0.488841 0.486495 0.485837 0.484737
 0.476092 0.47489  0.469825 0.469825 0.465205 0.464339]
Pre_A:[0.445161 0.325806 0.247312 0.224194 0.202581 0.188172 0.169585 0.158871
 0.143369 0.132903 0.124927 0.115591 0.107692 0.100922 0.096774 0.091532
 0.087287 0.083871 0.079796 0.076452 0.073425 0.070968 0.068443 0.066398
 0.064774 0.063027 0.061649 0.059447 0.058065 0.056559]
Recall_A:[0.183136 0.259606 0.299068 0.351434 0.387724 0.432742 0.454194 0.482796
 0.490323 0.503405 0.517778 0.524229 0.525753 0.531129 0.542867 0.545448
 0.552975 0.562384 0.564534 0.570986 0.575287 0.584964 0.589803 0.598405
 0.609695 0.615072 0.623136 0.623136 0.630663 0.636039]
[Epoch:11] ApiLoss:0.018001
[Evaluate] ApiLoss:0.020041
NDCG_A:[0.445161 0.518431 0.535137 0.567524 0.568482 0.575227 0.58211  0.585865
 0.584836 0.593081 0.600007 0.593856 0.597246 0.598615 0.598128 0.596434
 0.594988 0.598026 0.597489 0.597361 0.593663 0.593189 0.593189 0.593441
 0.593605 0.593298 0.593334 0.592824 0.590366 0.589821]
AP_A:[0.445161 0.503226 0.513978 0.530466 0.519794 0.522097 0.511011 0.511656
 0.508687 0.511114 0.511751 0.49957  0.500562 0.494638 0.492939 0.489659
 0.486442 0.487159 0.486116 0.485766 0.478751 0.475274 0.475274 0.4711
 0.470941 0.468211 0.468047 0.467104 0.46271  0.461716]
Pre_A:[0.445161 0.325806 0.243011 0.21129  0.189677 0.174194 0.169585 0.151613
 0.137634 0.129677 0.123167 0.116667 0.108685 0.105069 0.099355 0.093952
 0.089564 0.085305 0.081154 0.077419 0.074962 0.072727 0.069565 0.068011
 0.065806 0.063772 0.061649 0.059677 0.058065 0.056344]
Recall_A:[0.183136 0.259606 0.28509  0.330735 0.366129 0.406882 0.454194 0.464946
 0.476774 0.496523 0.513889 0.528262 0.534713 0.554462 0.560556 0.563513
 0.571039 0.576416 0.578029 0.578835 0.588728 0.59733  0.59733  0.609695
 0.613638 0.619014 0.62224  0.624391 0.629229 0.63138 ]
[Epoch:12] ApiLoss:0.017966
[Evaluate] ApiLoss:0.019975
NDCG_A:[0.445161 0.518431 0.540552 0.557486 0.559031 0.584612 0.591199 0.607603
 0.607702 0.609066 0.609337 0.609004 0.609253 0.60425  0.603426 0.601287
 0.602708 0.602608 0.604966 0.604977 0.606406 0.601768 0.601542 0.600819
 0.599429 0.600043 0.601385 0.601544 0.601544 0.600681]
AP_A:[0.445161 0.503226 0.516129 0.516846 0.510932 0.522599 0.527529 0.532934
 0.531402 0.530757 0.530883 0.524275 0.519204 0.509757 0.507864 0.503152
 0.503104 0.500448 0.499854 0.499639 0.49934  0.488118 0.485453 0.484109
 0.48123  0.480113 0.480352 0.480335 0.480335 0.478524]
Pre_A:[0.445161 0.335484 0.258065 0.230645 0.203871 0.184946 0.169585 0.158871
 0.14552  0.132903 0.121408 0.115054 0.109181 0.103226 0.097204 0.093145
 0.088425 0.084588 0.081154 0.077419 0.074654 0.073607 0.070968 0.06828
 0.066065 0.06402  0.061888 0.059908 0.057842 0.056344]
Recall_A:[0.183136 0.267133 0.301541 0.349337 0.380645 0.420108 0.454194 0.482796
 0.495878 0.503405 0.506631 0.521272 0.531935 0.541075 0.543943 0.552491
 0.558943 0.566111 0.574713 0.576864 0.583315 0.603746 0.609122 0.612348
 0.616864 0.62224  0.625466 0.628692 0.628692 0.632455]
[Epoch:13] ApiLoss:0.017972
[Evaluate] ApiLoss:0.020174
NDCG_A:[0.445161 0.518431 0.557947 0.574465 0.585682 0.585538 0.586943 0.58869
 0.597638 0.605123 0.60509  0.608048 0.604409 0.602321 0.597378 0.597362
 0.59861  0.597597 0.602075 0.602254 0.599996 0.598375 0.598163 0.596509
 0.5955   0.5955   0.594667 0.59441  0.594314 0.594314]
AP_A:[0.445161 0.503226 0.530108 0.525806 0.528423 0.521944 0.515753 0.515663
 0.516317 0.518132 0.51677  0.513719 0.506645 0.502625 0.493414 0.492822
 0.492506 0.48758  0.488599 0.488599 0.482148 0.479215 0.478689 0.473313
 0.469052 0.469052 0.466743 0.465889 0.465631 0.465631]
Pre_A:[0.445161 0.325806 0.247312 0.229032 0.2      0.182796 0.169585 0.150806
 0.141935 0.132258 0.123167 0.116129 0.109677 0.103226 0.098065 0.092742
 0.088046 0.085305 0.081834 0.078065 0.075576 0.072434 0.069565 0.067742
 0.066065 0.063524 0.062127 0.060369 0.058509 0.056559]
Recall_A:[0.183136 0.259606 0.299068 0.356272 0.382563 0.41724  0.454194 0.46172
 0.487957 0.505376 0.513889 0.525036 0.534086 0.539642 0.548459 0.55276
 0.557061 0.56991  0.579588 0.581738 0.593029 0.594642 0.597867 0.607007
 0.618835 0.618835 0.629588 0.632814 0.63353  0.63353 ]
[Epoch:14] ApiLoss:0.017917
[Evaluate] ApiLoss:0.020195
NDCG_A:[0.43871  0.516049 0.533795 0.551064 0.556486 0.580828 0.587415 0.601539
 0.603879 0.605243 0.59897  0.599316 0.595769 0.597286 0.598813 0.598226
 0.59503  0.597424 0.595844 0.597017 0.597955 0.598523 0.59985  0.601226
 0.600983 0.600486 0.601076 0.601076 0.601295 0.600519]
AP_A:[0.43871  0.5      0.508065 0.509857 0.507751 0.516864 0.521795 0.525945
 0.525685 0.52504  0.512882 0.510244 0.503412 0.503509 0.503563 0.502353
 0.496385 0.495848 0.492961 0.492531 0.491875 0.487252 0.48732  0.487123
 0.485489 0.484564 0.483429 0.483429 0.483472 0.482074]
Pre_A:[0.43871  0.325806 0.258065 0.227419 0.20129  0.184946 0.169585 0.158065
 0.14552  0.132903 0.12434  0.116129 0.109181 0.102304 0.096344 0.090726
 0.086528 0.082796 0.078778 0.075484 0.072504 0.071261 0.068724 0.066667
 0.065032 0.062779 0.060932 0.058756 0.056952 0.055269]
Recall_A:[0.181523 0.259606 0.300466 0.345036 0.376613 0.420108 0.454194 0.48172
 0.495878 0.503405 0.514552 0.525036 0.53328  0.537312 0.543763 0.545914
 0.552097 0.561774 0.563065 0.566828 0.571344 0.585502 0.588369 0.595896
 0.604498 0.606649 0.6131   0.6131   0.616326 0.619552]
[Epoch:15] ApiLoss:0.017924
[Evaluate] ApiLoss:0.020201
NDCG_A:[0.445161 0.518431 0.537963 0.549356 0.557958 0.583218 0.589902 0.606589
 0.608073 0.60692  0.611182 0.611362 0.60803  0.606546 0.604445 0.60487
 0.606256 0.602565 0.603898 0.604173 0.605489 0.600803 0.599866 0.599866
 0.598212 0.597732 0.597859 0.597012 0.597952 0.597911]
AP_A:[0.445161 0.503226 0.510753 0.512545 0.509337 0.520869 0.525385 0.53122
 0.530683 0.526677 0.523364 0.523364 0.516855 0.51409  0.509397 0.507488
 0.507441 0.500552 0.500425 0.49579  0.495357 0.486559 0.484541 0.484541
 0.481573 0.480295 0.480241 0.478349 0.475791 0.475522]
Pre_A:[0.445161 0.329032 0.266667 0.224194 0.202581 0.182796 0.169585 0.158871
 0.143369 0.133548 0.125513 0.115591 0.108685 0.101382 0.096344 0.091532
 0.086907 0.083513 0.079796 0.077742 0.074962 0.072727 0.070407 0.067473
 0.065032 0.063027 0.060932 0.059447 0.058065 0.056344]
Recall_A:[0.183136 0.261756 0.309821 0.341272 0.379839 0.414731 0.454194 0.482796
 0.490323 0.505556 0.521004 0.524229 0.53086  0.533011 0.540484 0.549086
 0.553118 0.561989 0.567366 0.581022 0.587473 0.599301 0.605394 0.605394
 0.607545 0.613996 0.617222 0.621703 0.629229 0.63138 ]
[Test] ApiLoss:0.020724
NDCG_A:[0.393548 0.491241 0.521486 0.531999 0.535845 0.558827 0.57673  0.586065
 0.58542  0.58645  0.585552 0.585222 0.580849 0.582061 0.579153 0.5773
 0.576078 0.573893 0.575091 0.571726 0.571726 0.571526 0.571526 0.571083
 0.569428 0.568778 0.569977 0.569977 0.5672   0.5672  ]
AP_A:[0.393548 0.470968 0.487097 0.487097 0.485367 0.49612  0.502841 0.504841
 0.498242 0.496569 0.491736 0.488096 0.479138 0.478465 0.470508 0.46661
 0.463928 0.459439 0.458845 0.452554 0.452554 0.452041 0.452041 0.450852
 0.447885 0.446627 0.44646  0.44646  0.438857 0.438857]
Pre_A:[0.393548 0.303226 0.251613 0.217742 0.192258 0.170968 0.165899 0.151613
 0.142652 0.131613 0.122581 0.114516 0.108685 0.102304 0.097204 0.092339
 0.087666 0.084229 0.080815 0.077742 0.07404  0.070968 0.067882 0.065591
 0.063226 0.061042 0.059259 0.057143 0.05673  0.054839]
Recall_A:[0.163441 0.242796 0.301613 0.347527 0.373656 0.402258 0.463118 0.48043
 0.504624 0.514409 0.528925 0.538172 0.551613 0.555161 0.566989 0.573441
 0.579892 0.589785 0.596774 0.604839 0.604839 0.608065 0.608065 0.611505
 0.613118 0.614731 0.621183 0.621183 0.640538 0.640538]
