Log started at 2025-11-04 21:10:44
[Epoch:1] ApiLoss:0.219268
[Evaluate] ApiLoss:0.072653
NDCG_A:[0.425806 0.490935 0.503205 0.519084 0.514257 0.535104 0.542055 0.547724
 0.546297 0.556941 0.554134 0.555859 0.555262 0.555689 0.554289 0.55444
 0.553852 0.546029 0.544201 0.544201 0.545738 0.545508 0.54816  0.54816
 0.550905 0.550905 0.551031 0.552452 0.552492 0.551712]
AP_A:[0.425806 0.477419 0.484409 0.492473 0.482796 0.470968 0.473963 0.475397
 0.471864 0.462803 0.447864 0.43772  0.424169 0.42443  0.419269 0.419298
 0.418089 0.403752 0.397852 0.397852 0.398092 0.397124 0.397311 0.397311
 0.397827 0.397827 0.397772 0.397911 0.397576 0.396054]
Pre_A:[0.425806 0.264516 0.191398 0.154839 0.130323 0.141935 0.126267 0.11371
 0.104659 0.105806 0.109677 0.11129  0.115633 0.108295 0.102366 0.096371
 0.091461 0.088172 0.08489  0.080645 0.077419 0.07478  0.07237  0.069355
 0.067097 0.064516 0.062366 0.060599 0.058954 0.057419]
Recall_A:[0.172092 0.217253 0.235533 0.253275 0.264565 0.339079 0.348599 0.355373
 0.361393 0.404187 0.458595 0.506709 0.566981 0.570586 0.579188 0.581339
 0.584076 0.596656 0.60956  0.60956  0.612463 0.618054 0.624721 0.624721
 0.630097 0.630097 0.633323 0.637839 0.642678 0.646979]
[Epoch:2] ApiLoss:0.076989
[Evaluate] ApiLoss:0.087783
NDCG_A:[0.264516 0.390702 0.439152 0.447616 0.461962 0.458371 0.458371 0.458371
 0.458007 0.467331 0.487287 0.490774 0.500877 0.501092 0.501092 0.505893
 0.505893 0.504535 0.504001 0.50434  0.507618 0.507882 0.507882 0.507011
 0.50765  0.503672 0.504109 0.504249 0.501928 0.499803]
AP_A:[0.264516 0.364516 0.39086  0.395699 0.395627 0.3881   0.3881   0.3881
 0.386398 0.389624 0.395815 0.39689  0.401073 0.398585 0.398585 0.386199
 0.386199 0.383196 0.379794 0.374746 0.375082 0.375173 0.375173 0.373381
 0.372285 0.365072 0.363552 0.363514 0.352133 0.34782 ]
Pre_A:[0.264516 0.235484 0.223656 0.174194 0.169032 0.146237 0.125346 0.109677
 0.101075 0.094194 0.093255 0.086559 0.089826 0.084793 0.07914  0.081452
 0.07666  0.073477 0.070628 0.069355 0.067896 0.065103 0.062272 0.060215
 0.058323 0.056824 0.055436 0.053687 0.056952 0.055914]
Recall_A:[0.102092 0.189834 0.264348 0.272305 0.319988 0.332569 0.332569 0.332569
 0.338589 0.353105 0.388589 0.393965 0.448804 0.454933 0.454933 0.497727
 0.497727 0.501217 0.509281 0.527561 0.53837  0.541596 0.541596 0.544499
 0.548263 0.552456 0.55837  0.560521 0.613266 0.622943]
[Epoch:3] ApiLoss:0.077745
[Evaluate] ApiLoss:0.07653
NDCG_A:[0.425806 0.490935 0.523311 0.538398 0.555441 0.557419 0.567106 0.570156
 0.571456 0.572345 0.567633 0.567859 0.569065 0.561648 0.561648 0.56012
 0.563215 0.563215 0.563508 0.563255 0.563255 0.564486 0.565508 0.565417
 0.559891 0.559482 0.562166 0.562166 0.562064 0.562064]
AP_A:[0.425806 0.477419 0.494624 0.501075 0.499659 0.499731 0.485994 0.484735
 0.475503 0.473143 0.461672 0.458984 0.458438 0.444613 0.444613 0.44179
 0.440082 0.440082 0.43964  0.434478 0.434478 0.432132 0.431618 0.431335
 0.421376 0.420419 0.420897 0.420897 0.420422 0.420422]
Pre_A:[0.425806 0.264516 0.212903 0.172581 0.167742 0.145161 0.152995 0.139516
 0.135484 0.127097 0.12434  0.116129 0.108685 0.103226 0.096344 0.090726
 0.086907 0.082079 0.079117 0.076452 0.072811 0.070381 0.067882 0.065323
 0.063742 0.061787 0.059976 0.057834 0.056285 0.054409]
Recall_A:[0.172092 0.217253 0.255746 0.277789 0.325472 0.331492 0.406007 0.423426
 0.45934  0.473209 0.511919 0.524822 0.530785 0.543366 0.543366 0.544978
 0.551753 0.551753 0.558046 0.569874 0.569874 0.576541 0.581057 0.581643
 0.588095 0.5917   0.597077 0.597077 0.600889 0.600889]
[Epoch:4] ApiLoss:0.057527
[Evaluate] ApiLoss:0.047476
NDCG_A:[0.425806 0.499076 0.541414 0.565964 0.568829 0.578146 0.574615 0.574437
 0.573769 0.571957 0.578361 0.584447 0.577163 0.577445 0.576159 0.57656
 0.576479 0.575285 0.575285 0.574957 0.573348 0.573316 0.573479 0.571124
 0.572484 0.572484 0.57239  0.57163  0.570663 0.570768]
AP_A:[0.425806 0.483871 0.512366 0.519713 0.520143 0.521219 0.514306 0.510435
 0.506134 0.482371 0.483094 0.476508 0.46286  0.460061 0.451708 0.449517
 0.44931  0.446497 0.446497 0.445529 0.44261  0.442139 0.442221 0.437682
 0.437799 0.437799 0.436951 0.435569 0.433458 0.433286]
Pre_A:[0.425806 0.312903 0.23871  0.219355 0.184516 0.16129  0.141014 0.126613
 0.114695 0.120645 0.113196 0.111828 0.105707 0.100922 0.101935 0.097581
 0.09222  0.088172 0.083531 0.08     0.076498 0.073607 0.070687 0.068817
 0.066581 0.06402  0.062605 0.060599 0.058954 0.057419]
Recall_A:[0.172092 0.246606 0.285316 0.339451 0.354505 0.375472 0.383537 0.39644
 0.405042 0.467465 0.479078 0.514882 0.527463 0.536709 0.585096 0.594715
 0.595301 0.601753 0.601753 0.606591 0.609817 0.614118 0.615193 0.621
 0.624605 0.624605 0.631321 0.633471 0.636208 0.639814]
[Epoch:5] ApiLoss:0.03124
[Evaluate] ApiLoss:0.022765
NDCG_A:[0.425806 0.486864 0.522814 0.525976 0.549924 0.556916 0.560353 0.567246
 0.566078 0.577022 0.578999 0.575619 0.576486 0.575003 0.573519 0.571627
 0.570122 0.570122 0.571    0.570881 0.569761 0.568789 0.568671 0.567027
 0.568306 0.570963 0.56929  0.56929  0.566717 0.566351]
AP_A:[0.425806 0.474194 0.492473 0.494444 0.50509  0.504552 0.504035 0.504841
 0.492655 0.494351 0.485637 0.478667 0.479079 0.476314 0.473304 0.466762
 0.463492 0.463492 0.46081  0.457694 0.452734 0.448335 0.44774  0.444783
 0.44428  0.444487 0.4415   0.4415   0.436791 0.433869]
Pre_A:[0.425806 0.287097 0.258065 0.198387 0.174194 0.153763 0.136406 0.123387
 0.11828  0.114839 0.111437 0.104839 0.098263 0.091705 0.086452 0.083468
 0.079696 0.075269 0.074703 0.072258 0.070353 0.068328 0.065919 0.063441
 0.061935 0.060298 0.058303 0.056221 0.05495  0.053763]
Recall_A:[0.172092 0.219775 0.29429  0.299343 0.332139 0.347836 0.358266 0.37332
 0.403643 0.43542  0.462144 0.473972 0.482036 0.485262 0.490101 0.505907
 0.512574 0.512574 0.537843 0.549133 0.561498 0.570101 0.575477 0.578703
 0.587735 0.595262 0.598488 0.598488 0.605477 0.614079]
[Epoch:6] ApiLoss:0.020237
[Evaluate] ApiLoss:0.021051
NDCG_A:[0.4      0.505833 0.550133 0.573229 0.591863 0.598717 0.601413 0.596339
 0.598202 0.59838  0.600452 0.596624 0.594429 0.596304 0.593492 0.593492
 0.593492 0.593492 0.59435  0.593878 0.593047 0.593047 0.592998 0.594409
 0.592755 0.59073  0.59073  0.589956 0.588267 0.588188]
AP_A:[0.4      0.483871 0.51129  0.519713 0.52069  0.517912 0.517001 0.502879
 0.499489 0.499489 0.499584 0.492165 0.487206 0.487435 0.481871 0.481871
 0.481871 0.481871 0.480807 0.477116 0.475068 0.475068 0.474772 0.474959
 0.471991 0.467969 0.467969 0.466424 0.46342  0.463062]
Pre_A:[0.4      0.312903 0.253763 0.225806 0.214194 0.196774 0.179724 0.166935
 0.153405 0.13871  0.129032 0.12043  0.113648 0.106912 0.101075 0.094758
 0.089184 0.084229 0.080815 0.078387 0.075576 0.072141 0.069285 0.066935
 0.064516 0.062779 0.060454 0.058756 0.056952 0.055269]
Recall_A:[0.160802 0.252248 0.303596 0.352139 0.407514 0.450044 0.480151 0.515097
 0.533377 0.536603 0.546122 0.555262 0.561819 0.569884 0.579561 0.579561
 0.579561 0.579561 0.584077 0.59171  0.597624 0.597624 0.599775 0.60338
 0.604993 0.611122 0.611122 0.614348 0.617573 0.619724]
[Epoch:7] ApiLoss:0.019112
[Evaluate] ApiLoss:0.020286
NDCG_A:[0.425806 0.499076 0.532432 0.550141 0.585724 0.597334 0.606745 0.606285
 0.614251 0.612899 0.612029 0.612209 0.611898 0.612786 0.613801 0.616017
 0.613261 0.613017 0.609855 0.604367 0.602758 0.599299 0.598491 0.595165
 0.592529 0.592038 0.589506 0.587463 0.587463 0.587068]
AP_A:[0.425806 0.483871 0.501613 0.506631 0.525394 0.522437 0.527591 0.523559
 0.52585  0.523269 0.520715 0.520715 0.518995 0.517689 0.513523 0.511731
 0.50375  0.502731 0.496959 0.486779 0.483861 0.477491 0.475609 0.469426
 0.464261 0.463344 0.458587 0.454846 0.454846 0.45205 ]
Pre_A:[0.425806 0.312903 0.264516 0.235484 0.209032 0.193548 0.184332 0.16371
 0.151254 0.136774 0.127273 0.117204 0.11067  0.104147 0.100645 0.096774
 0.092979 0.088889 0.08489  0.081935 0.078341 0.07566  0.073212 0.070968
 0.068903 0.066501 0.064755 0.062903 0.060734 0.05914 ]
Recall_A:[0.172092 0.246606 0.303164 0.354562 0.399723 0.442517 0.497356 0.505958
 0.520638 0.522251 0.528271 0.529561 0.538105 0.543159 0.563589 0.57918
 0.594234 0.599129 0.605581 0.614398 0.617624 0.62214  0.62563  0.632619
 0.636969 0.63912  0.644496 0.648797 0.648797 0.654173]
[Epoch:8] ApiLoss:0.018493
[Evaluate] ApiLoss:0.02008
NDCG_A:[0.425806 0.499076 0.535022 0.575874 0.588493 0.602069 0.604633 0.607018
 0.607977 0.610215 0.606987 0.606009 0.608177 0.609829 0.609826 0.610709
 0.608966 0.61019  0.60861  0.60869  0.606195 0.60715  0.606676 0.600854
 0.600572 0.600572 0.597717 0.596035 0.591814 0.589991]
AP_A:[0.425806 0.483871 0.506989 0.528315 0.521308 0.522222 0.522139 0.519466
 0.516886 0.51728  0.511082 0.505733 0.503875 0.504336 0.504185 0.502503
 0.498335 0.498031 0.495144 0.494849 0.490036 0.489226 0.487949 0.475153
 0.472443 0.472443 0.466888 0.463892 0.455822 0.45248 ]
Pre_A:[0.425806 0.312903 0.253763 0.225806 0.215484 0.197849 0.184332 0.166935
 0.153405 0.14129  0.130205 0.122043 0.115136 0.107373 0.100645 0.096371
 0.0926   0.088172 0.083871 0.080323 0.077419 0.07478  0.07237  0.070968
 0.068645 0.066005 0.064277 0.062212 0.060957 0.059355]
Recall_A:[0.172092 0.246606 0.29472  0.349128 0.411551 0.452194 0.497356 0.515635
 0.533377 0.542896 0.550423 0.558214 0.569612 0.570902 0.571282 0.579239
 0.588807 0.593323 0.595474 0.600312 0.605366 0.61042  0.613372 0.627565
 0.634017 0.634017 0.638748 0.641974 0.652189 0.656001]
[Epoch:9] ApiLoss:0.018197
[Evaluate] ApiLoss:0.020103
NDCG_A:[0.425806 0.507217 0.540344 0.560045 0.59087  0.605417 0.611877 0.612617
 0.614764 0.616087 0.615149 0.615466 0.61583  0.619133 0.617905 0.613198
 0.611364 0.613214 0.611633 0.611615 0.611406 0.611391 0.609788 0.609075
 0.609027 0.609812 0.607659 0.602116 0.600426 0.598417]
AP_A:[0.425806 0.490323 0.506989 0.516308 0.532294 0.531667 0.53522  0.532174
 0.532156 0.528115 0.525411 0.523261 0.521001 0.521923 0.51669  0.50773
 0.504259 0.501513 0.498627 0.495616 0.494639 0.494395 0.491315 0.489702
 0.489422 0.487941 0.483881 0.473971 0.470967 0.465111]
Pre_A:[0.425806 0.322581 0.27957  0.240323 0.212903 0.196774 0.184332 0.166935
 0.151971 0.14129  0.131378 0.121505 0.113648 0.106452 0.101505 0.096774
 0.091841 0.089247 0.08489  0.081935 0.078955 0.07566  0.072931 0.07043
 0.067871 0.066253 0.064516 0.063134 0.061179 0.06    ]
Recall_A:[0.172092 0.254241 0.321121 0.362626 0.405099 0.448968 0.497356 0.515097
 0.524617 0.542896 0.548916 0.554292 0.560314 0.56483  0.574508 0.582787
 0.585475 0.60311  0.606335 0.617088 0.62128  0.624506 0.629344 0.634183
 0.635474 0.644291 0.64778  0.658748 0.660361 0.671329]
[Epoch:10] ApiLoss:0.018119
[Evaluate] ApiLoss:0.020241
NDCG_A:[0.425806 0.499076 0.553167 0.581484 0.593969 0.598425 0.603768 0.606343
 0.607748 0.61015  0.611282 0.608187 0.613548 0.61443  0.61443  0.613383
 0.612158 0.610559 0.609801 0.609801 0.607213 0.601871 0.601659 0.598323
 0.598323 0.596704 0.596389 0.595746 0.596183 0.595788]
AP_A:[0.425806 0.483871 0.51828  0.531183 0.527616 0.521703 0.518326 0.515893
 0.514142 0.514777 0.513423 0.507359 0.506173 0.504294 0.504294 0.501909
 0.499353 0.496199 0.491819 0.491819 0.486659 0.476707 0.476181 0.47003
 0.47003  0.466897 0.466168 0.462832 0.459344 0.456548]
Pre_A:[0.425806 0.312903 0.258065 0.217742 0.203871 0.193548 0.184332 0.166935
 0.153405 0.14129  0.131378 0.122043 0.116129 0.109677 0.102366 0.097177
 0.0926   0.088172 0.085569 0.08129  0.078341 0.076246 0.073212 0.070968
 0.068129 0.066005 0.063799 0.062212 0.060957 0.059355]
Recall_A:[0.172092 0.246606 0.304935 0.344239 0.391922 0.445205 0.497356 0.515635
 0.533377 0.542896 0.551555 0.557518 0.573647 0.58354  0.58354  0.587567
 0.592083 0.59746  0.609503 0.609503 0.61353  0.625896 0.629121 0.635953
 0.635953 0.640791 0.642942 0.64778  0.65692  0.660684]
[Epoch:11] ApiLoss:0.018171
[Evaluate] ApiLoss:0.020215
NDCG_A:[0.425806 0.499076 0.529092 0.556341 0.588093 0.596315 0.606137 0.607214
 0.608301 0.610706 0.607374 0.608324 0.608345 0.607413 0.606826 0.6082
 0.608308 0.607561 0.605884 0.604933 0.601771 0.603197 0.600001 0.599423
 0.599299 0.598379 0.597243 0.595562 0.594103 0.594897]
AP_A:[0.425806 0.483871 0.498925 0.511649 0.525394 0.531953 0.526527 0.524108
 0.521852 0.52018  0.513695 0.507244 0.504435 0.501929 0.499739 0.499578
 0.499361 0.497386 0.493985 0.489577 0.483586 0.483879 0.477686 0.474145
 0.473757 0.471879 0.469278 0.466283 0.463323 0.462601]
Pre_A:[0.425806 0.312903 0.262366 0.232258 0.212903 0.195699 0.184332 0.166935
 0.153405 0.14129  0.130205 0.122581 0.11464  0.108295 0.103226 0.097581
 0.0926   0.08853  0.08489  0.081613 0.078648 0.075367 0.073212 0.071237
 0.068645 0.066501 0.064994 0.062903 0.061179 0.05957 ]
Recall_A:[0.172092 0.246606 0.304728 0.354992 0.406174 0.454562 0.497356 0.515097
 0.52838  0.542896 0.550423 0.563434 0.568537 0.57397  0.58354  0.586981
 0.590586 0.594076 0.598103 0.606705 0.616383 0.618533 0.629823 0.63649
 0.639716 0.642297 0.647399 0.649012 0.653313 0.657077]
[Epoch:12] ApiLoss:0.018093
[Evaluate] ApiLoss:0.020246
NDCG_A:[0.425806 0.499076 0.532317 0.549478 0.572164 0.600164 0.608496 0.609423
 0.610854 0.612955 0.612071 0.619045 0.615719 0.613786 0.610889 0.611131
 0.608198 0.608581 0.608389 0.607859 0.609128 0.608751 0.608019 0.606042
 0.602733 0.599406 0.598496 0.598362 0.598243 0.597731]
AP_A:[0.425806 0.483871 0.501075 0.505018 0.511873 0.524507 0.530892 0.528204
 0.524133 0.524289 0.521703 0.523854 0.517577 0.511176 0.505529 0.504982
 0.496799 0.494426 0.493904 0.492236 0.491891 0.490839 0.489327 0.485564
 0.479628 0.473673 0.471839 0.471459 0.471143 0.4702  ]
Pre_A:[0.425806 0.312903 0.264516 0.237097 0.215484 0.196774 0.184332 0.166935
 0.153405 0.14129  0.131378 0.122581 0.11464  0.108295 0.102366 0.097177
 0.093359 0.089606 0.085229 0.082258 0.079263 0.076246 0.073212 0.070699
 0.068387 0.066253 0.064277 0.062212 0.060289 0.058495]
Recall_A:[0.172092 0.246606 0.306878 0.356712 0.407033 0.448968 0.497356 0.515097
 0.533377 0.542896 0.548916 0.557303 0.564292 0.575045 0.580959 0.586766
 0.600206 0.608809 0.609395 0.615788 0.621164 0.622834 0.624447 0.629823
 0.63434  0.639178 0.644555 0.645845 0.646431 0.648044]
[Epoch:13] ApiLoss:0.018072
[Evaluate] ApiLoss:0.020277
NDCG_A:[0.425806 0.499076 0.52742  0.549051 0.591839 0.598681 0.604508 0.605759
 0.608137 0.61019  0.611312 0.608203 0.613524 0.612082 0.611706 0.610071
 0.609469 0.607246 0.605966 0.604031 0.602234 0.60024  0.598196 0.596552
 0.594468 0.594225 0.593508 0.593075 0.593075 0.591425]
AP_A:[0.425806 0.483871 0.5      0.506989 0.528853 0.524373 0.523684 0.521623
 0.518761 0.519067 0.517641 0.511512 0.510768 0.504939 0.503301 0.500075
 0.498842 0.494569 0.489173 0.485138 0.48172  0.478005 0.471742 0.468785
 0.464793 0.464235 0.462626 0.461781 0.461781 0.458627]
Pre_A:[0.425806 0.312903 0.260215 0.222581 0.203871 0.193548 0.184332 0.166935
 0.154122 0.14129  0.131378 0.122043 0.115136 0.109217 0.103656 0.097984
 0.0926   0.08853  0.085569 0.082258 0.078955 0.075953 0.074053 0.071237
 0.069161 0.066749 0.064755 0.062673 0.060512 0.058925]
Recall_A:[0.172092 0.246606 0.29644  0.337084 0.391922 0.444667 0.497356 0.515097
 0.534452 0.542896 0.551555 0.557518 0.569131 0.582034 0.586492 0.591008
 0.593159 0.597508 0.608261 0.613315 0.617831 0.623207 0.631329 0.634555
 0.641006 0.644232 0.647458 0.650684 0.650684 0.655522]
[Epoch:14] ApiLoss:0.018047
[Evaluate] ApiLoss:0.020346
NDCG_A:[0.425806 0.515358 0.564152 0.579657 0.583633 0.598469 0.6046   0.606309
 0.607592 0.610038 0.615844 0.614242 0.613121 0.609853 0.609972 0.609454
 0.607726 0.608569 0.610184 0.603803 0.603799 0.604078 0.604108 0.600885
 0.598989 0.598989 0.597774 0.597399 0.595681 0.595164]
AP_A:[0.425806 0.496774 0.524731 0.529032 0.525914 0.526183 0.518492 0.517238
 0.512596 0.513491 0.513198 0.510057 0.507247 0.500553 0.497679 0.496649
 0.492865 0.491661 0.491797 0.480184 0.479723 0.477272 0.477137 0.471089
 0.467332 0.467332 0.462672 0.461891 0.458437 0.457487]
Pre_A:[0.425806 0.312903 0.262366 0.229032 0.206452 0.190323 0.184332 0.166935
 0.154122 0.14129  0.131378 0.121505 0.11464  0.108295 0.102796 0.096774
 0.0926   0.08853  0.08489  0.081935 0.078648 0.07654  0.073492 0.071237
 0.069161 0.066501 0.064755 0.062673 0.061179 0.059355]
Recall_A:[0.172092 0.252248 0.311445 0.360642 0.409029 0.449672 0.497356 0.515097
 0.534452 0.542896 0.553434 0.557246 0.564292 0.575045 0.581927 0.584077
 0.589718 0.595847 0.6009   0.611868 0.61832  0.624877 0.62649  0.634555
 0.643157 0.643157 0.648211 0.649286 0.658963 0.660576]
[Epoch:15] ApiLoss:0.018029
[Evaluate] ApiLoss:0.020264
NDCG_A:[0.425806 0.503146 0.54301  0.560905 0.587653 0.608235 0.613202 0.612254
 0.614838 0.616916 0.616085 0.616402 0.617353 0.61513  0.617028 0.617079
 0.612867 0.613747 0.61265  0.609072 0.60913  0.608512 0.604792 0.604259
 0.602605 0.600875 0.600809 0.599982 0.599982 0.599421]
AP_A:[0.425806 0.487097 0.512903 0.518459 0.525636 0.534507 0.538368 0.534855
 0.532523 0.530313 0.527686 0.525536 0.516603 0.512148 0.512028 0.509609
 0.500881 0.499836 0.496991 0.490316 0.489927 0.488715 0.481737 0.480574
 0.477606 0.474334 0.474035 0.472091 0.472091 0.471065]
Pre_A:[0.425806 0.329032 0.273118 0.240323 0.223226 0.197849 0.18341  0.166129
 0.153405 0.14129  0.131378 0.121505 0.116129 0.108756 0.103226 0.097581
 0.094118 0.089964 0.086587 0.083226 0.079877 0.07654  0.074334 0.071774
 0.069161 0.066998 0.064755 0.063134 0.060957 0.05914 ]
Recall_A:[0.172092 0.257144 0.314405 0.362088 0.421872 0.452194 0.49413  0.511872
 0.52838  0.542896 0.548916 0.554292 0.572895 0.577196 0.585153 0.590529
 0.600148 0.605524 0.611702 0.617293 0.623745 0.625896 0.635953 0.639716
 0.641329 0.644232 0.647458 0.654447 0.654447 0.65606 ]
[Test] ApiLoss:0.019201
NDCG_A:[0.43871  0.532332 0.564767 0.574856 0.579059 0.598006 0.600659 0.602501
 0.599392 0.59804  0.600951 0.602184 0.603615 0.599333 0.598698 0.599623
 0.595903 0.596673 0.594392 0.593931 0.594877 0.594293 0.595889 0.595889
 0.597057 0.596156 0.594334 0.591459 0.589106 0.586627]
AP_A:[0.43871  0.512903 0.529032 0.5319   0.526487 0.531147 0.53296  0.529734
 0.522279 0.519698 0.516407 0.515869 0.515733 0.505134 0.503159 0.502057
 0.495131 0.493912 0.486873 0.485994 0.484855 0.481189 0.481283 0.481283
 0.480693 0.47886  0.475434 0.470211 0.465852 0.461264]
Pre_A:[0.43871  0.341935 0.28172  0.233871 0.211613 0.194624 0.17788  0.160484
 0.14767  0.133548 0.124927 0.115591 0.107692 0.102304 0.097204 0.092339
 0.088046 0.084229 0.081494 0.077742 0.074962 0.072727 0.070407 0.067473
 0.065806 0.063772 0.061888 0.060369 0.058954 0.057419]
Recall_A:[0.179731 0.273495 0.331774 0.360806 0.405968 0.448441 0.477473 0.492527
 0.509731 0.511882 0.52586  0.531237 0.534194 0.545161 0.552634 0.560161
 0.567903 0.57457  0.586935 0.588226 0.596828 0.608656 0.615108 0.615108
 0.625    0.629301 0.631989 0.639516 0.647043 0.650806]
