Log started at 2025-11-04 21:05:59
[Epoch:1] ApiLoss:0.189387
[Evaluate] ApiLoss:0.064675
NDCG_A:[0.406452 0.406452 0.480882 0.494296 0.513289 0.511115 0.509938 0.511358
 0.516343 0.51499  0.516629 0.54065  0.54256  0.545097 0.547164 0.544727
 0.544727 0.544727 0.541251 0.543524 0.544971 0.540107 0.541511 0.539867
 0.539716 0.539566 0.539141 0.53746  0.537077 0.537077]
AP_A:[0.406452 0.406452 0.447312 0.450358 0.458737 0.454435 0.452131 0.447544
 0.433437 0.430856 0.430693 0.436488 0.436767 0.435747 0.425875 0.411739
 0.411739 0.411739 0.402392 0.401709 0.402016 0.393218 0.390678 0.387721
 0.387074 0.386748 0.385912 0.382916 0.377386 0.377386]
Pre_A:[0.406452 0.209677 0.219355 0.182258 0.15871  0.134409 0.116129 0.108065
 0.113978 0.103226 0.096188 0.098387 0.092308 0.093088 0.096344 0.097984
 0.09222  0.087097 0.085229 0.082258 0.078648 0.075953 0.074053 0.071237
 0.068903 0.066501 0.064277 0.062212 0.061624 0.05957 ]
Recall_A:[0.16309  0.167391 0.259872 0.289826 0.316016 0.31892  0.319636 0.338669
 0.389547 0.39116  0.397611 0.453525 0.463203 0.509654 0.561866 0.606283
 0.606283 0.606283 0.623971 0.631713 0.633863 0.638702 0.654831 0.658057
 0.660387 0.661103 0.664329 0.667555 0.68363  0.68363 ]
[Epoch:2] ApiLoss:0.068359
[Evaluate] ApiLoss:0.052392
NDCG_A:[0.23871  0.303838 0.303838 0.309395 0.309351 0.311649 0.331977 0.340653
 0.39338  0.397109 0.396792 0.396397 0.395985 0.395246 0.39871  0.407027
 0.413413 0.422494 0.420865 0.420807 0.42111  0.41919  0.420581 0.420581
 0.420581 0.42001  0.419126 0.418866 0.418951 0.41881 ]
AP_A:[0.23871  0.290323 0.290323 0.293548 0.293226 0.294301 0.301214 0.298257
 0.293317 0.294608 0.293272 0.291635 0.290817 0.289127 0.290059 0.284952
 0.286491 0.287711 0.284364 0.281645 0.281639 0.277871 0.275768 0.275768
 0.275768 0.274702 0.27279  0.272013 0.271913 0.271288]
Pre_A:[0.23871  0.203226 0.135484 0.104839 0.085161 0.072043 0.071889 0.072581
 0.10681  0.097419 0.089736 0.083871 0.077916 0.072811 0.069247 0.069758
 0.067552 0.067384 0.064856 0.062581 0.060215 0.058358 0.056942 0.05457
 0.052387 0.05062  0.048984 0.047696 0.046274 0.045161]
Recall_A:[0.092481 0.146585 0.146585 0.151423 0.15214  0.155366 0.184782 0.213761
 0.365561 0.368464 0.373303 0.378141 0.379432 0.381045 0.388571 0.424593
 0.440722 0.46745  0.472504 0.480031 0.484332 0.489386 0.502289 0.502289
 0.502289 0.504439 0.506052 0.510891 0.512181 0.514511]
[Epoch:3] ApiLoss:0.050647
[Evaluate] ApiLoss:0.031915
NDCG_A:[0.406452 0.516356 0.533583 0.567869 0.565938 0.574252 0.587746 0.588474
 0.587806 0.585936 0.588093 0.586983 0.588556 0.589994 0.590199 0.587702
 0.589249 0.588912 0.588912 0.589139 0.589139 0.588958 0.587325 0.588316
 0.588581 0.58709  0.581347 0.5786   0.579064 0.575789]
AP_A:[0.406452 0.493548 0.500538 0.520072 0.516201 0.520054 0.523331 0.517865
 0.513564 0.509836 0.507706 0.502867 0.497601 0.497518 0.492142 0.487207
 0.487587 0.486691 0.486691 0.486745 0.486745 0.486291 0.483346 0.482629
 0.480733 0.473372 0.457984 0.452218 0.446042 0.439137]
Pre_A:[0.406452 0.332258 0.262366 0.229032 0.185806 0.175269 0.158525 0.144355
 0.130466 0.11871  0.11085  0.103226 0.098263 0.092166 0.088172 0.083871
 0.079317 0.075269 0.071307 0.068065 0.064823 0.06217  0.059748 0.057796
 0.056258 0.055335 0.055675 0.055069 0.057175 0.057204]
Recall_A:[0.16309  0.261531 0.302417 0.356126 0.360428 0.416342 0.440919 0.457263
 0.465865 0.469808 0.481367 0.489109 0.50255  0.506582 0.51755  0.52331
 0.526536 0.528149 0.528149 0.529439 0.529439 0.530246 0.533472 0.538848
 0.543328 0.557844 0.584188 0.59554  0.638612 0.657967]
[Epoch:4] ApiLoss:0.026467
[Evaluate] ApiLoss:0.019414
NDCG_A:[0.406452 0.504144 0.523732 0.540157 0.544064 0.54371  0.54804  0.558044
 0.568766 0.577721 0.583296 0.58711  0.590324 0.590685 0.590939 0.591119
 0.594093 0.594272 0.594184 0.593837 0.592228 0.593654 0.59294  0.59294
 0.593906 0.592242 0.591911 0.591651 0.591651 0.589933]
AP_A:[0.406452 0.483871 0.495161 0.498925 0.495269 0.490789 0.487422 0.490289
 0.492317 0.490676 0.491939 0.491428 0.491585 0.491585 0.491205 0.491205
 0.491115 0.490646 0.488099 0.487347 0.484428 0.484721 0.482953 0.482953
 0.482394 0.479416 0.476668 0.476092 0.476092 0.472466]
Pre_A:[0.406452 0.319355 0.253763 0.222581 0.188387 0.162366 0.15023  0.137903
 0.129032 0.124516 0.120235 0.115054 0.108189 0.101382 0.095914 0.090323
 0.086907 0.083154 0.079457 0.075806 0.072504 0.069501 0.067041 0.064247
 0.062194 0.06005  0.058303 0.056452 0.054505 0.053333]
Recall_A:[0.16309  0.25342  0.292793 0.340051 0.361019 0.373922 0.402156 0.423661
 0.44807  0.477163 0.511249 0.539206 0.549421 0.555873 0.5634   0.56555
 0.575289 0.581956 0.586795 0.59002  0.593246 0.596472 0.599698 0.599698
 0.60615  0.609375 0.614214 0.61744  0.61744  0.620576]
[Epoch:5] ApiLoss:0.019579
[Evaluate] ApiLoss:0.018174
NDCG_A:[0.406452 0.508214 0.554818 0.594363 0.600091 0.60424  0.607597 0.607136
 0.609301 0.609729 0.606244 0.605571 0.606761 0.608073 0.609436 0.60638
 0.604271 0.605795 0.601974 0.6013   0.599083 0.600551 0.601856 0.604521
 0.603156 0.604513 0.603823 0.603159 0.603159 0.60271 ]
AP_A:[0.406452 0.487097 0.515054 0.537634 0.527634 0.522993 0.521618 0.517317
 0.515018 0.512244 0.505414 0.503977 0.49923  0.498677 0.497555 0.49191
 0.487938 0.488131 0.481085 0.479795 0.475678 0.475835 0.47575  0.475912
 0.470758 0.471006 0.469563 0.468289 0.468289 0.467428]
Pre_A:[0.406452 0.322581 0.264516 0.229032 0.216774 0.2      0.187097 0.166935
 0.152688 0.140645 0.130205 0.12043  0.116625 0.109677 0.104086 0.098387
 0.093359 0.088889 0.085229 0.08129  0.078034 0.075073 0.07237  0.070161
 0.068387 0.066005 0.064038 0.061982 0.059844 0.058065]
Recall_A:[0.16309  0.255571 0.311009 0.366923 0.421027 0.464521 0.511895 0.523722
 0.537547 0.548246 0.557028 0.559895 0.589311 0.595763 0.605118 0.608881
 0.612645 0.618021 0.62501  0.628236 0.631139 0.635655 0.642107 0.650709
 0.660118 0.663344 0.666784 0.668935 0.668935 0.670225]
[Epoch:6] ApiLoss:0.018766
[Evaluate] ApiLoss:0.01781
NDCG_A:[0.406452 0.508214 0.529359 0.543034 0.576194 0.599447 0.601984 0.605539
 0.606133 0.611888 0.609241 0.607815 0.608052 0.608639 0.607389 0.603404
 0.604628 0.605466 0.608119 0.607992 0.607279 0.605188 0.604476 0.602091
 0.601936 0.600642 0.600642 0.600423 0.600226 0.599659]
AP_A:[0.406452 0.487097 0.496774 0.498746 0.512186 0.521237 0.518548 0.51988
 0.516033 0.51405  0.508713 0.506024 0.503791 0.49885  0.495893 0.485212
 0.484717 0.483095 0.483038 0.480457 0.478973 0.47515  0.473818 0.469338
 0.468633 0.466062 0.466062 0.465628 0.465127 0.464088]
Pre_A:[0.406452 0.322581 0.268817 0.235484 0.214194 0.201075 0.178802 0.169355
 0.156989 0.148387 0.136657 0.125806 0.117122 0.111521 0.105376 0.102016
 0.096774 0.09319  0.089304 0.085484 0.08172  0.078592 0.075456 0.072849
 0.070452 0.068486 0.06595  0.063825 0.061846 0.06    ]
Recall_A:[0.16309  0.255571 0.308062 0.357317 0.416994 0.465443 0.481249 0.527701
 0.551203 0.58062  0.587609 0.589759 0.596211 0.61148  0.614616 0.632304
 0.636068 0.645422 0.6551   0.659616 0.661229 0.665745 0.668971 0.67381
 0.678648 0.683218 0.683218 0.684508 0.685584 0.687734]
[Epoch:7] ApiLoss:0.018431
[Evaluate] ApiLoss:0.017799
NDCG_A:[0.406452 0.47565  0.545064 0.582644 0.594275 0.593245 0.59703  0.598663
 0.599357 0.599699 0.601478 0.598991 0.598868 0.597189 0.596659 0.594585
 0.597722 0.597722 0.597348 0.598469 0.596809 0.592753 0.591999 0.591219
 0.588681 0.588681 0.588681 0.586335 0.585249 0.581138]
AP_A:[0.406452 0.46129  0.505376 0.518638 0.513746 0.504229 0.504101 0.497372
 0.490934 0.488139 0.488535 0.483134 0.479451 0.476152 0.475077 0.471152
 0.471487 0.471487 0.467953 0.467472 0.464233 0.454517 0.453051 0.4514
 0.446618 0.446618 0.446618 0.442348 0.438177 0.430757]
Pre_A:[0.406452 0.277419 0.23871  0.230645 0.211613 0.201075 0.187097 0.171774
 0.16129  0.147742 0.135484 0.126344 0.119107 0.111521 0.104516 0.09879
 0.094497 0.089247 0.086587 0.083226 0.079877 0.077713 0.074895 0.072312
 0.070194 0.067494 0.064994 0.063134 0.061624 0.060215]
Recall_A:[0.16309  0.218528 0.289764 0.367729 0.415113 0.465443 0.511895 0.538623
 0.570189 0.579544 0.584921 0.595673 0.607179 0.611211 0.611928 0.614831
 0.627734 0.627734 0.63682  0.642412 0.646175 0.659616 0.663379 0.66682
 0.671336 0.671336 0.671336 0.676713 0.682089 0.687465]
[Epoch:8] ApiLoss:0.018375
[Evaluate] ApiLoss:0.017801
NDCG_A:[0.406452 0.508214 0.554818 0.564977 0.599852 0.602527 0.608971 0.612237
 0.61307  0.613375 0.610447 0.607593 0.607061 0.608712 0.609062 0.606006
 0.606006 0.606006 0.607162 0.605542 0.604204 0.603408 0.602848 0.601717
 0.603592 0.602476 0.602476 0.602947 0.602012 0.601825]
AP_A:[0.406452 0.487097 0.515054 0.512366 0.529167 0.521864 0.52575  0.521969
 0.515388 0.512031 0.502827 0.49745  0.496334 0.496795 0.496994 0.491349
 0.491349 0.491349 0.488487 0.485284 0.482289 0.480737 0.479378 0.477004
 0.475628 0.471198 0.471198 0.469579 0.467438 0.467045]
Pre_A:[0.406452 0.322581 0.264516 0.240323 0.218065 0.201075 0.187097 0.170968
 0.16129  0.149032 0.140176 0.12957  0.120099 0.111982 0.104946 0.099194
 0.093359 0.088172 0.08489  0.081935 0.079263 0.076246 0.073492 0.071237
 0.069161 0.067742 0.065233 0.063825 0.062069 0.060215]
Recall_A:[0.16309  0.255571 0.311009 0.365113 0.422908 0.465443 0.511895 0.535397
 0.570189 0.583845 0.601534 0.605835 0.606551 0.609777 0.613003 0.617842
 0.617842 0.617842 0.625584 0.631713 0.637035 0.640799 0.643702 0.649293
 0.657896 0.667215 0.667215 0.675763 0.679204 0.679921]
[Epoch:9] ApiLoss:0.018311
[Evaluate] ApiLoss:0.017832
NDCG_A:[0.406452 0.508214 0.555392 0.591171 0.598386 0.601568 0.604476 0.60464
 0.607753 0.610511 0.610577 0.607339 0.60593  0.604185 0.605768 0.605221
 0.606828 0.606529 0.604665 0.603827 0.603827 0.602117 0.602117 0.601841
 0.600829 0.600528 0.601655 0.602818 0.601129 0.600352]
AP_A:[0.406452 0.487097 0.519892 0.535484 0.52629  0.518432 0.51687  0.512646
 0.508515 0.506478 0.50611  0.496898 0.491154 0.487667 0.485051 0.483948
 0.48417  0.483133 0.474232 0.472386 0.472386 0.469066 0.469066 0.468509
 0.466391 0.465786 0.465596 0.465408 0.462405 0.461007]
Pre_A:[0.406452 0.322581 0.258065 0.227419 0.209032 0.201075 0.187097 0.169355
 0.157706 0.147742 0.135484 0.127419 0.120099 0.112442 0.107097 0.100806
 0.095636 0.091039 0.088964 0.085484 0.081413 0.078592 0.075175 0.072312
 0.070194 0.067742 0.065711 0.063825 0.061846 0.06    ]
Recall_A:[0.16309  0.255571 0.312291 0.36289  0.408661 0.465443 0.511895 0.527701
 0.554429 0.579007 0.583845 0.598361 0.609867 0.612286 0.626802 0.627519
 0.632358 0.637734 0.654562 0.658594 0.658594 0.663111 0.663111 0.664724
 0.670315 0.671032 0.675548 0.678774 0.681999 0.685225]
[Epoch:10] ApiLoss:0.018232
[Evaluate] ApiLoss:0.017858
NDCG_A:[0.406452 0.508214 0.544623 0.559986 0.567151 0.599096 0.606425 0.608578
 0.610709 0.611251 0.611335 0.607972 0.609409 0.609409 0.605222 0.603694
 0.601928 0.601313 0.601313 0.601786 0.599505 0.602939 0.602727 0.603811
 0.603643 0.603479 0.603506 0.602922 0.602778 0.600566]
AP_A:[0.406452 0.487097 0.507527 0.509319 0.504955 0.518611 0.523788 0.517741
 0.513641 0.510731 0.507436 0.500985 0.500751 0.500751 0.492546 0.489724
 0.486289 0.485035 0.485035 0.483126 0.478455 0.477478 0.476952 0.476593
 0.473773 0.473335 0.473211 0.472127 0.46939  0.465299]
Pre_A:[0.406452 0.322581 0.262366 0.227419 0.216774 0.201075 0.187097 0.171774
 0.16129  0.149032 0.138416 0.128495 0.119603 0.11106  0.105376 0.099194
 0.094118 0.089247 0.08455  0.081613 0.078955 0.07654  0.073492 0.070968
 0.069161 0.066749 0.064516 0.062442 0.060957 0.05957 ]
Recall_A:[0.16309  0.255571 0.308374 0.346295 0.409529 0.465443 0.511895 0.538623
 0.570189 0.583845 0.595351 0.601444 0.605476 0.605476 0.616229 0.617842
 0.620745 0.622358 0.622358 0.631677 0.640548 0.652376 0.653666 0.658505
 0.666247 0.667053 0.668344 0.669956 0.67587  0.681677]
[Epoch:11] ApiLoss:0.018176
[Evaluate] ApiLoss:0.017885
NDCG_A:[0.406452 0.512285 0.555663 0.595208 0.600935 0.607268 0.60831  0.606085
 0.609162 0.612176 0.610784 0.60808  0.607854 0.608022 0.605747 0.604344
 0.604135 0.604135 0.60624  0.607182 0.607001 0.606383 0.604822 0.603019
 0.603985 0.605405 0.601634 0.601079 0.598408 0.598408]
AP_A:[0.406452 0.490323 0.516129 0.53871  0.52871  0.532581 0.52254  0.516549
 0.509219 0.508225 0.505585 0.497521 0.496649 0.494345 0.489851 0.486636
 0.483634 0.483634 0.482213 0.481334 0.480867 0.479655 0.476637 0.473275
 0.472716 0.470313 0.463503 0.462479 0.457577 0.457577]
Pre_A:[0.406452 0.325806 0.264516 0.229032 0.216774 0.198925 0.187097 0.170161
 0.160573 0.149032 0.13607  0.127419 0.11861  0.11106  0.104946 0.099597
 0.094877 0.089606 0.086587 0.083226 0.07957  0.076246 0.074053 0.071505
 0.069161 0.067742 0.06595  0.063825 0.062291 0.060215]
Recall_A:[0.16309  0.258797 0.311009 0.366923 0.421027 0.468285 0.511895 0.529698
 0.566257 0.583845 0.585996 0.598899 0.601802 0.608254 0.613003 0.619455
 0.623971 0.623971 0.636874 0.644616 0.645422 0.647573 0.653344 0.657645
 0.660548 0.671247 0.679849 0.681999 0.686838 0.686838]
[Epoch:12] ApiLoss:0.018212
[Evaluate] ApiLoss:0.017971
NDCG_A:[0.406452 0.508214 0.548023 0.566432 0.574495 0.576805 0.598828 0.601476
 0.601904 0.607444 0.604825 0.604825 0.60385  0.603559 0.602158 0.602158
 0.601988 0.602281 0.602303 0.602625 0.600705 0.601286 0.601286 0.601286
 0.601145 0.600834 0.59999  0.599267 0.596672 0.59674 ]
AP_A:[0.406452 0.487097 0.50914  0.512007 0.50793  0.505332 0.510024 0.5049
 0.501124 0.503489 0.494456 0.494456 0.492453 0.48885  0.483689 0.483689
 0.483228 0.483356 0.478243 0.476224 0.472483 0.471075 0.471075 0.471075
 0.470413 0.469781 0.468151 0.466538 0.461509 0.456897]
Pre_A:[0.406452 0.303226 0.258065 0.232258 0.211613 0.193548 0.187097 0.171774
 0.157706 0.147742 0.139589 0.127957 0.119107 0.112442 0.106237 0.099597
 0.094118 0.089247 0.086587 0.083548 0.080492 0.077713 0.074334 0.071237
 0.068903 0.066501 0.064516 0.062673 0.061179 0.06043 ]
Recall_A:[0.16309  0.245294 0.314173 0.362363 0.410005 0.456457 0.511895 0.538623
 0.554429 0.579007 0.600727 0.600727 0.603057 0.610315 0.617304 0.617304
 0.618111 0.621336 0.632842 0.642197 0.648648 0.654777 0.654777 0.654777
 0.658218 0.659831 0.662698 0.666139 0.671516 0.68544 ]
[Epoch:13] ApiLoss:0.018238
[Evaluate] ApiLoss:0.017985
NDCG_A:[0.406452 0.512285 0.555663 0.569232 0.569911 0.597093 0.606544 0.614558
 0.613536 0.612977 0.612977 0.61155  0.613245 0.609165 0.607572 0.606249
 0.607796 0.606197 0.60561  0.603855 0.603102 0.602533 0.602514 0.602235
 0.60465  0.601254 0.601254 0.599856 0.599856 0.598744]
AP_A:[0.406452 0.490323 0.516129 0.514158 0.507993 0.518961 0.523603 0.526176
 0.51732  0.512145 0.512145 0.509457 0.509954 0.499009 0.495837 0.492767
 0.490679 0.487525 0.486359 0.482819 0.481237 0.477815 0.474782 0.474217
 0.473865 0.467406 0.467406 0.464512 0.464512 0.460318]
Pre_A:[0.406452 0.325806 0.264516 0.233871 0.216774 0.2      0.185253 0.172581
 0.160573 0.149032 0.135484 0.124731 0.115633 0.11106  0.104516 0.099194
 0.094497 0.089964 0.085569 0.082581 0.079263 0.07654  0.074334 0.071505
 0.069677 0.068486 0.06595  0.064055 0.061846 0.06043 ]
Recall_A:[0.16309  0.258797 0.311009 0.360812 0.409529 0.462217 0.503139 0.541848
 0.568039 0.583845 0.583845 0.585996 0.589222 0.606336 0.610853 0.618917
 0.627519 0.632035 0.634186 0.639508 0.643272 0.651014 0.659078 0.660691
 0.667949 0.677161 0.677161 0.683612 0.683612 0.690064]
[Epoch:14] ApiLoss:0.018214
[Evaluate] ApiLoss:0.017984
NDCG_A:[0.406452 0.508214 0.554874 0.587933 0.600517 0.604014 0.604278 0.607417
 0.606624 0.604128 0.607886 0.607365 0.609059 0.607576 0.607909 0.605687
 0.60657  0.607886 0.604455 0.60291  0.601796 0.601955 0.601743 0.601743
 0.602493 0.602352 0.601601 0.601299 0.601299 0.602601]
AP_A:[0.406452 0.487097 0.518817 0.528853 0.529247 0.528423 0.51655  0.512698
 0.506605 0.498254 0.49816  0.496547 0.497044 0.494279 0.494461 0.490025
 0.489001 0.488822 0.482482 0.479334 0.474526 0.469754 0.469228 0.469228
 0.468066 0.467703 0.466329 0.46573  0.46573  0.465945]
Pre_A:[0.406452 0.319355 0.255914 0.232258 0.212903 0.195699 0.187097 0.170968
 0.157706 0.146452 0.138416 0.128495 0.119107 0.11106  0.104086 0.09879
 0.094118 0.089606 0.085908 0.082903 0.080492 0.078299 0.075175 0.072043
 0.070194 0.067742 0.065472 0.063364 0.061179 0.059355]
Recall_A:[0.16309  0.255725 0.311485 0.369252 0.414037 0.462102 0.511895 0.535397
 0.554429 0.571311 0.593469 0.601534 0.604759 0.60691  0.610136 0.617304
 0.623487 0.628326 0.631946 0.640225 0.650118 0.661946 0.664096 0.664096
 0.670978 0.671784 0.67501  0.676623 0.676623 0.678236]
[Test] ApiLoss:0.020289
NDCG_A:[0.374194 0.471886 0.535655 0.552448 0.556843 0.557964 0.55903  0.57056
 0.575758 0.579981 0.583759 0.585819 0.585741 0.585264 0.584678 0.583331
 0.582729 0.581168 0.578644 0.578566 0.57824  0.57917  0.577537 0.57652
 0.576153 0.575905 0.575905 0.574316 0.574068 0.574034]
AP_A:[0.374194 0.451613 0.492473 0.492115 0.490672 0.487697 0.474148 0.476464
 0.475583 0.474085 0.475064 0.473451 0.472792 0.46885  0.467667 0.464845
 0.463611 0.460526 0.45567  0.452268 0.448893 0.44825  0.445305 0.44273
 0.441796 0.440961 0.440961 0.437874 0.43732  0.437074]
Pre_A:[0.374194 0.277419 0.23871  0.220968 0.197419 0.186022 0.180645 0.168548
 0.157706 0.147097 0.13607  0.126344 0.117618 0.111521 0.104516 0.09879
 0.093359 0.088889 0.085569 0.083226 0.080492 0.077419 0.074334 0.072581
 0.070194 0.06799  0.065472 0.063594 0.061624 0.059785]
Recall_A:[0.142849 0.212366 0.274516 0.328548 0.359032 0.413763 0.461882 0.491398
 0.519032 0.533495 0.543387 0.549516 0.552419 0.560161 0.562312 0.566075
 0.568226 0.571989 0.578172 0.592903 0.603656 0.607957 0.611183 0.618925
 0.621505 0.624731 0.624731 0.630108 0.632258 0.634409]
