Log started at 2025-11-04 19:14:43
[Epoch:1] ApiLoss:0.183715
[Evaluate] ApiLoss:0.066243
NDCG_A:[0.432258 0.4755   0.531267 0.543397 0.54025  0.538494 0.534419]
AP_A:[0.432258 0.458172 0.445476 0.426614 0.406039 0.393815 0.383686]
Pre_A:[0.432258 0.112258 0.109677 0.087312 0.077742 0.066839 0.057419]
Recall_A:[0.182903 0.235591 0.422796 0.503333 0.597097 0.639247 0.660215]
[Epoch:2] ApiLoss:0.068967
[Evaluate] ApiLoss:0.056021
NDCG_A:[0.109677 0.394134 0.421054 0.421132 0.43941  0.44024  0.446302]
AP_A:[0.109677 0.32086  0.311909 0.307857 0.304893 0.29358  0.288236]
Pre_A:[0.109677 0.144516 0.10129  0.070108 0.06129  0.056    0.052903]
Recall_A:[0.038172 0.284409 0.392473 0.403441 0.465161 0.526344 0.602151]
[Epoch:3] ApiLoss:0.050634
[Evaluate] ApiLoss:0.031969
NDCG_A:[0.432258 0.517711 0.567539 0.568902 0.566765 0.568003 0.568893]
AP_A:[0.432258 0.492151 0.484885 0.463086 0.457759 0.451796 0.450618]
Pre_A:[0.432258 0.148387 0.11871  0.094194 0.073226 0.061677 0.052473]
Recall_A:[0.182903 0.302473 0.462581 0.541505 0.556774 0.582151 0.592043]
[Epoch:4] ApiLoss:0.025551
[Evaluate] ApiLoss:0.018581
NDCG_A:[0.432258 0.573018 0.597238 0.604481 0.604134 0.604994 0.599914]
AP_A:[0.432258 0.525977 0.51718  0.502015 0.489809 0.484095 0.467308]
Pre_A:[0.432258 0.184516 0.125806 0.096774 0.077742 0.064516 0.057204]
Recall_A:[0.182903 0.359462 0.484946 0.557634 0.599032 0.619677 0.657204]
[Epoch:5] ApiLoss:0.019592
[Evaluate] ApiLoss:0.018295
NDCG_A:[0.432258 0.614882 0.621537 0.619541 0.615253 0.611559 0.613793]
AP_A:[0.432258 0.553513 0.53836  0.524552 0.513313 0.498635 0.498059]
Pre_A:[0.432258 0.214194 0.136774 0.098495 0.076774 0.064516 0.054624]
Recall_A:[0.182903 0.417957 0.527849 0.567097 0.586882 0.616452 0.626667]
[Epoch:6] ApiLoss:0.019017
[Evaluate] ApiLoss:0.017945
NDCG_A:[0.432258 0.592269 0.618233 0.611002 0.607795 0.605742 0.597655]
AP_A:[0.432258 0.530188 0.530995 0.504692 0.492465 0.485057 0.467829]
Pre_A:[0.432258 0.206452 0.138065 0.101505 0.080645 0.066581 0.057634]
Recall_A:[0.182903 0.401613 0.528387 0.583978 0.616774 0.634731 0.65914 ]
[Epoch:7] ApiLoss:0.018637
[Evaluate] ApiLoss:0.017794
NDCG_A:[0.432258 0.613799 0.622906 0.617091 0.610262 0.605937 0.605208]
AP_A:[0.432258 0.549588 0.53557  0.518398 0.492347 0.478533 0.474901]
Pre_A:[0.432258 0.214194 0.14     0.098925 0.080968 0.068129 0.057419]
Recall_A:[0.182903 0.417957 0.536989 0.572688 0.622581 0.654839 0.662903]
[Epoch:8] ApiLoss:0.018509
[Evaluate] ApiLoss:0.017829
NDCG_A:[0.432258 0.613648 0.620599 0.618167 0.617041 0.607225 0.602215]
AP_A:[0.432258 0.548728 0.531201 0.519691 0.507548 0.482148 0.472286]
Pre_A:[0.432258 0.214194 0.139355 0.099355 0.078065 0.066581 0.056774]
Recall_A:[0.182903 0.417957 0.535376 0.571935 0.603656 0.64172  0.656774]
[Epoch:9] ApiLoss:0.018506
[Evaluate] ApiLoss:0.017783
NDCG_A:[0.432258 0.614294 0.624291 0.61764  0.609037 0.604675 0.601131]
AP_A:[0.432258 0.552258 0.539567 0.512405 0.491123 0.479947 0.46846 ]
Pre_A:[0.432258 0.214194 0.14     0.102796 0.081613 0.067871 0.05871 ]
Recall_A:[0.182903 0.417957 0.536989 0.594731 0.62828  0.65     0.673656]
[Epoch:10] ApiLoss:0.018527
[Evaluate] ApiLoss:0.017871
NDCG_A:[0.432258 0.597706 0.618529 0.610876 0.609955 0.603233 0.595701]
AP_A:[0.432258 0.536909 0.527215 0.508102 0.495725 0.478327 0.463624]
Pre_A:[0.432258 0.206452 0.139355 0.099785 0.079032 0.066323 0.057634]
Recall_A:[0.182903 0.401828 0.532688 0.575699 0.606559 0.636882 0.66129 ]
[Epoch:11] ApiLoss:0.018415
[Evaluate] ApiLoss:0.017851
NDCG_A:[0.432258 0.612239 0.620407 0.615859 0.61071  0.603663 0.602156]
AP_A:[0.432258 0.547796 0.531771 0.514196 0.491662 0.477853 0.47017 ]
Pre_A:[0.432258 0.214194 0.140645 0.099785 0.080645 0.067355 0.057849]
Recall_A:[0.182903 0.417957 0.540215 0.581075 0.625054 0.645161 0.666667]
[Epoch:12] ApiLoss:0.018463
[Evaluate] ApiLoss:0.017906
NDCG_A:[0.432258 0.605398 0.620097 0.618172 0.611755 0.605287 0.600399]
AP_A:[0.432258 0.545771 0.532923 0.520491 0.500113 0.483096 0.468685]
Pre_A:[0.432258 0.20129  0.14129  0.099355 0.079677 0.066581 0.05828 ]
Recall_A:[0.182903 0.396559 0.542366 0.575161 0.611075 0.638172 0.668817]
[Epoch:13] ApiLoss:0.018484
[Evaluate] ApiLoss:0.018007
NDCG_A:[0.432258 0.589993 0.620938 0.614259 0.617361 0.608355 0.603599]
AP_A:[0.432258 0.537231 0.538708 0.511072 0.508882 0.489007 0.477136]
Pre_A:[0.432258 0.210323 0.138065 0.102366 0.079032 0.066581 0.057419]
Recall_A:[0.182903 0.405914 0.532688 0.592581 0.609785 0.640108 0.659892]
[Epoch:14] ApiLoss:0.018413
[Evaluate] ApiLoss:0.018107
NDCG_A:[0.432258 0.593376 0.611331 0.60476  0.605362 0.596701 0.593339]
AP_A:[0.432258 0.538593 0.51905  0.500283 0.493407 0.472759 0.4615  ]
Pre_A:[0.432258 0.203871 0.140645 0.100215 0.078387 0.065548 0.057204]
Recall_A:[0.182903 0.402903 0.53914  0.58     0.603871 0.629892 0.656989]
[Epoch:15] ApiLoss:0.018386
[Evaluate] ApiLoss:0.017944
NDCG_A:[0.432258 0.614887 0.623362 0.616777 0.61232  0.605424 0.602327]
AP_A:[0.432258 0.556308 0.540793 0.518911 0.497436 0.481609 0.470818]
Pre_A:[0.432258 0.212903 0.13871  0.100215 0.080645 0.067613 0.058495]
Recall_A:[0.182903 0.414194 0.531613 0.578925 0.62129  0.650323 0.673118]
[Epoch:16] ApiLoss:0.018367
[Evaluate] ApiLoss:0.018019
NDCG_A:[0.432258 0.599267 0.621534 0.618318 0.611326 0.60449  0.599387]
AP_A:[0.432258 0.54147  0.540221 0.524613 0.495965 0.482375 0.470265]
Pre_A:[0.432258 0.205161 0.13871  0.098925 0.080968 0.067355 0.05828 ]
Recall_A:[0.182903 0.403763 0.531613 0.572473 0.625376 0.646237 0.667957]
[Test] ApiLoss:0.018674
NDCG_A:[0.412903 0.578979 0.605776 0.598796 0.599447 0.596343 0.595351]
AP_A:[0.412903 0.50845  0.507996 0.48702  0.479683 0.470102 0.463982]
Pre_A:[0.412903 0.227097 0.147742 0.107527 0.084194 0.070452 0.059785]
Recall_A:[0.167468 0.42998  0.564497 0.608631 0.627116 0.657331 0.67131 ]
