日志开始于 2025-11-05 16:16:25
模型: MTFM_SRGNN_Fusion
使用SRGNN: True
[Epoch:1] ApiLoss:0.255611
[Evaluate] ApiLoss:0.062266
NDCG_A:[0.380645 0.392857 0.427823 0.457755 0.517657 0.516461 0.514704 0.512388
 0.50711  0.509912 0.51453  0.517788 0.518329 0.521432 0.523303 0.521308
 0.521886 0.522328 0.522431 0.522431 0.522879 0.522946 0.520003 0.521392
 0.521076 0.52248  0.52248  0.523804 0.523804 0.521539]
AP_A:[0.380645 0.390323 0.412903 0.433154 0.454328 0.436263 0.431819 0.424113
 0.410851 0.4094   0.402429 0.389533 0.388966 0.389452 0.387107 0.383374
 0.381642 0.38138  0.381176 0.381176 0.381187 0.381186 0.375675 0.375944
 0.372747 0.372869 0.372869 0.372899 0.372899 0.368849]
Pre_A:[0.380645 0.206452 0.163441 0.156452 0.179355 0.170968 0.152995 0.13871
 0.129032 0.12     0.123167 0.124731 0.118114 0.11106  0.106237 0.100403
 0.096015 0.092115 0.087946 0.083548 0.080492 0.077126 0.074895 0.072043
 0.070194 0.06799  0.065472 0.063594 0.061402 0.059785]
Recall_A:[0.157634 0.168065 0.197634 0.25086  0.352366 0.396882 0.411613 0.425269
 0.442151 0.456129 0.510108 0.559677 0.570645 0.577634 0.592151 0.597527
 0.605269 0.615484 0.619247 0.619247 0.624624 0.625161 0.633441 0.635054
 0.646882 0.65172  0.65172  0.657097 0.657097 0.662473]
[Epoch:2] ApiLoss:0.091444
[Evaluate] ApiLoss:0.093291
NDCG_A:[0.045161 0.260899 0.277431 0.363457 0.385359 0.390124 0.390124 0.390297
 0.388728 0.388658 0.390458 0.399175 0.406616 0.406616 0.413587 0.412373
 0.412666 0.421234 0.42216  0.42216  0.423422 0.424849 0.424849 0.42311
 0.421935 0.421935 0.419532 0.4206   0.419129 0.418961]
AP_A:[0.045161 0.216129 0.227419 0.274731 0.284839 0.28672  0.28672  0.28672
 0.282885 0.282563 0.283149 0.285837 0.285289 0.285289 0.285019 0.282599
 0.282731 0.278346 0.274738 0.274738 0.274456 0.274749 0.274749 0.271362
 0.26897  0.26897  0.264424 0.264079 0.261119 0.260151]
Pre_A:[0.045161 0.196774 0.144086 0.175806 0.169032 0.145161 0.124424 0.109677
 0.101075 0.091613 0.083871 0.07957  0.078412 0.072811 0.076989 0.072984
 0.06907  0.073835 0.071986 0.068387 0.065745 0.06305  0.060309 0.058602
 0.057032 0.054839 0.053763 0.052304 0.050945 0.049892]
Recall_A:[0.019355 0.161935 0.175914 0.277419 0.326989 0.338817 0.338817 0.340968
 0.351398 0.353011 0.355161 0.36914  0.392796 0.392796 0.446022 0.451398
 0.454624 0.508602 0.523118 0.523118 0.528495 0.530108 0.530108 0.53871
 0.545161 0.545161 0.553441 0.558817 0.563656 0.569032]
[Epoch:3] ApiLoss:0.098595
[Evaluate] ApiLoss:0.073537
NDCG_A:[0.154839 0.272884 0.332332 0.442566 0.444239 0.44642  0.447339 0.462158
 0.466158 0.464824 0.467981 0.468522 0.468522 0.468522 0.467937 0.466036
 0.46422  0.46422  0.463882 0.463882 0.462564 0.459391 0.460682 0.460682
 0.460682 0.462039 0.461099 0.460589 0.460287 0.461072]
AP_A:[0.154839 0.248387 0.288172 0.350179 0.352025 0.351487 0.349042 0.351731
 0.353075 0.35012  0.350047 0.348816 0.348816 0.348816 0.347633 0.342929
 0.330902 0.330902 0.326368 0.326368 0.323101 0.310163 0.310086 0.310086
 0.310086 0.310334 0.308518 0.307575 0.306766 0.303699]
Pre_A:[0.154839 0.203226 0.191398 0.237097 0.194839 0.168817 0.15023  0.141129
 0.127599 0.116774 0.108504 0.103763 0.095782 0.08894  0.083441 0.080645
 0.083491 0.078853 0.077419 0.073548 0.071582 0.074194 0.071529 0.068548
 0.065806 0.063524 0.061649 0.059677 0.058065 0.057419]
Recall_A:[0.053978 0.150108 0.20828  0.362688 0.370968 0.381935 0.395914 0.425484
 0.432473 0.437849 0.449677 0.466559 0.466559 0.466559 0.46871  0.482366
 0.532366 0.532366 0.550323 0.550323 0.560753 0.605269 0.610108 0.610108
 0.610108 0.61172  0.617097 0.61871  0.624086 0.638602]
[Epoch:4] ApiLoss:0.071114
[Evaluate] ApiLoss:0.043738
NDCG_A:[0.387097 0.440013 0.499521 0.531532 0.539426 0.547367 0.552182 0.552181
 0.554398 0.557848 0.561223 0.558235 0.555296 0.556385 0.55743  0.557552
 0.559469 0.560987 0.557807 0.561068 0.561068 0.561851 0.561851 0.55636
 0.554063 0.554691 0.553514 0.553514 0.553354 0.552028]
AP_A:[0.387097 0.429032 0.465591 0.47957  0.474606 0.471631 0.467714 0.461038
 0.458228 0.459366 0.456329 0.450006 0.441222 0.44053  0.439455 0.439448
 0.439832 0.440191 0.431169 0.431967 0.431967 0.428192 0.428192 0.417882
 0.413667 0.412162 0.409952 0.409952 0.409529 0.406941]
Pre_A:[0.387097 0.254839 0.227957 0.214516 0.196129 0.177419 0.159447 0.145161
 0.134767 0.127097 0.126686 0.119355 0.113648 0.106452 0.100645 0.094758
 0.090323 0.085663 0.083871 0.080645 0.076805 0.075073 0.071809 0.070161
 0.067871 0.066253 0.064277 0.061982 0.060067 0.05871 ]
Recall_A:[0.16043  0.204624 0.26172  0.333656 0.373978 0.412151 0.429892 0.445376
 0.460968 0.480323 0.525699 0.53914  0.554946 0.561398 0.568387 0.570538
 0.578602 0.581828 0.59871  0.605699 0.605699 0.62043  0.62043  0.63086
 0.636237 0.643226 0.646667 0.646667 0.648817 0.653871]
[Epoch:5] ApiLoss:0.040688
[Evaluate] ApiLoss:0.041625
NDCG_A:[0.380645 0.466126 0.534793 0.557081 0.56227  0.56767  0.564138 0.568933
 0.570546 0.57013  0.57013  0.57013  0.569976 0.574141 0.57056  0.564015
 0.563786 0.560862 0.558622 0.55845  0.561193 0.561724 0.561639 0.559333
 0.556809 0.558262 0.55615  0.555381 0.554771 0.555624]
AP_A:[0.380645 0.448387 0.490323 0.500896 0.493728 0.494579 0.487666 0.48677
 0.485964 0.484942 0.484942 0.484942 0.480931 0.473847 0.464381 0.452015
 0.449068 0.443474 0.439314 0.436114 0.436332 0.432667 0.432297 0.427907
 0.423046 0.423296 0.41699  0.415428 0.414029 0.413383]
Pre_A:[0.380645 0.283871 0.255914 0.224194 0.205161 0.184946 0.16129  0.146774
 0.13405  0.121935 0.11085  0.101613 0.096774 0.097235 0.096344 0.092339
 0.088046 0.084588 0.080815 0.078065 0.075269 0.073021 0.070126 0.068011
 0.065806 0.063772 0.062605 0.060599 0.058954 0.057419]
Recall_A:[0.157634 0.222258 0.299032 0.343011 0.395699 0.423118 0.431183 0.446774
 0.457742 0.460968 0.460968 0.460968 0.474624 0.513871 0.539355 0.551398
 0.557312 0.563441 0.568817 0.580645 0.589247 0.599462 0.6      0.606989
 0.612366 0.617204 0.631183 0.633333 0.638172 0.643011]
[Epoch:6] ApiLoss:0.035682
[Evaluate] ApiLoss:0.023482
NDCG_A:[0.225806 0.262441 0.348502 0.382351 0.421146 0.442445 0.454404 0.456799
 0.46451  0.466456 0.466866 0.472453 0.474423 0.476143 0.47727  0.477523
 0.479232 0.478951 0.479282 0.480404 0.478631 0.478039 0.480853 0.479309
 0.477431 0.473339 0.473154 0.474482 0.47451  0.474135]
AP_A:[0.225806 0.254839 0.310753 0.32957  0.346022 0.353333 0.358589 0.359665
 0.362174 0.359916 0.359983 0.361396 0.3592   0.358969 0.358109 0.355233
 0.355093 0.353685 0.35356  0.35313  0.349105 0.347476 0.348037 0.342382
 0.338503 0.330775 0.330035 0.330265 0.32966  0.3288  ]
Pre_A:[0.225806 0.141935 0.156989 0.146774 0.148387 0.146237 0.134562 0.119355
 0.109677 0.10129  0.093255 0.08871  0.084367 0.080184 0.076129 0.073387
 0.070588 0.0681   0.065535 0.062903 0.061444 0.059531 0.057504 0.056452
 0.055226 0.054342 0.052808 0.051152 0.050056 0.048602]
Recall_A:[0.11129  0.132473 0.202043 0.239785 0.305806 0.355269 0.379355 0.384731
 0.397097 0.408925 0.415376 0.429355 0.44086  0.448602 0.454516 0.465806
 0.475484 0.484086 0.48914  0.494516 0.504409 0.511398 0.516237 0.530215
 0.539892 0.55172  0.557097 0.559247 0.567312 0.569462]
[Epoch:7] ApiLoss:0.022196
[Evaluate] ApiLoss:0.020291
NDCG_A:[0.303226 0.392777 0.431143 0.492391 0.5141   0.528194 0.531961 0.533694
 0.538197 0.53859  0.539327 0.537521 0.536138 0.537415 0.536742 0.53846
 0.539968 0.537162 0.537162 0.535243 0.531192 0.532125 0.531413 0.531413
 0.531117 0.530789 0.530646 0.530646 0.533276 0.533276]
AP_A:[0.303226 0.374194 0.398387 0.427599 0.437258 0.442366 0.442934 0.443295
 0.44416  0.441441 0.439195 0.432743 0.429865 0.428313 0.4261   0.425806
 0.425257 0.419591 0.419591 0.415828 0.40777  0.406878 0.405545 0.405545
 0.404813 0.403675 0.403269 0.403269 0.403714 0.403714]
Pre_A:[0.303226 0.264516 0.219355 0.227419 0.210323 0.189247 0.165899 0.152419
 0.141219 0.129677 0.120821 0.112903 0.105211 0.100922 0.095914 0.091935
 0.088046 0.084946 0.080475 0.077097 0.075576 0.072727 0.069846 0.066935
 0.064774 0.063027 0.060932 0.058756 0.057175 0.055269]
Recall_A:[0.131613 0.210538 0.253656 0.352473 0.401398 0.434086 0.443226 0.466882
 0.489462 0.500215 0.508495 0.520323 0.525699 0.539677 0.545806 0.556237
 0.565376 0.576667 0.576667 0.581183 0.595376 0.59914  0.60129  0.60129
 0.602903 0.612581 0.614194 0.614194 0.620645 0.620645]
[Epoch:8] ApiLoss:0.019712
[Evaluate] ApiLoss:0.018907
NDCG_A:[0.380645 0.482408 0.540994 0.575419 0.587761 0.587175 0.584357 0.5842
 0.58712  0.586618 0.58417  0.582602 0.577297 0.576656 0.575729 0.577014
 0.57749  0.57749  0.577331 0.577204 0.578463 0.579189 0.579189 0.577322
 0.577039 0.576436 0.577778 0.579107 0.575727 0.57403 ]
AP_A:[0.380645 0.46129  0.496237 0.512724 0.51517  0.50759  0.501887 0.497264
 0.496171 0.491368 0.478093 0.474383 0.4637   0.461836 0.459504 0.459235
 0.457129 0.457129 0.456662 0.454081 0.453889 0.452863 0.452863 0.449368
 0.448464 0.447097 0.447336 0.447566 0.441559 0.438549]
Pre_A:[0.380645 0.3      0.258065 0.246774 0.225806 0.206452 0.180645 0.16371
 0.149104 0.138065 0.131378 0.122581 0.116625 0.110138 0.104516 0.09879
 0.094877 0.089606 0.085229 0.081613 0.078341 0.075367 0.07209  0.069624
 0.067355 0.065261 0.063082 0.06106  0.059399 0.057634]
Recall_A:[0.157634 0.244301 0.304194 0.382043 0.428172 0.468495 0.477312 0.493333
 0.507312 0.521828 0.548172 0.556452 0.571183 0.577634 0.585161 0.589462
 0.598602 0.598602 0.600753 0.607204 0.613656 0.620108 0.620108 0.624946
 0.62871  0.633011 0.634624 0.637849 0.644301 0.647527]
[Epoch:9] ApiLoss:0.018395
[Evaluate] ApiLoss:0.018308
NDCG_A:[0.380645 0.506831 0.571465 0.584432 0.588159 0.594996 0.593122 0.595227
 0.59523  0.591736 0.590085 0.584126 0.584602 0.584602 0.581935 0.581935
 0.585029 0.58299  0.584483 0.579832 0.576056 0.576897 0.575024 0.574692
 0.573767 0.574815 0.574815 0.574815 0.574815 0.575   ]
AP_A:[0.380645 0.480645 0.523656 0.523477 0.521371 0.522195 0.513714 0.513624
 0.512645 0.499186 0.495914 0.484394 0.479927 0.479927 0.47466  0.47466
 0.475419 0.471639 0.471979 0.463081 0.456169 0.448544 0.444864 0.441549
 0.439158 0.438458 0.438458 0.438458 0.438458 0.438352]
Pre_A:[0.380645 0.312903 0.296774 0.258065 0.225806 0.201075 0.182488 0.16371
 0.14767  0.140645 0.129032 0.121505 0.114144 0.105991 0.100645 0.094355
 0.089564 0.085305 0.081154 0.079032 0.07619  0.07478  0.072651 0.070968
 0.069161 0.067246 0.064755 0.062442 0.060289 0.05871 ]
Recall_A:[0.157634 0.244086 0.345591 0.400323 0.428172 0.456882 0.479677 0.491505
 0.496882 0.528602 0.532043 0.544946 0.556774 0.556774 0.564839 0.564839
 0.570215 0.575591 0.578817 0.592473 0.601075 0.622581 0.630108 0.64086
 0.647849 0.656452 0.656452 0.656452 0.656452 0.65914 ]
[Epoch:10] ApiLoss:0.017624
[Evaluate] ApiLoss:0.017636
NDCG_A:[0.425806 0.499076 0.556452 0.585382 0.595463 0.596766 0.600917 0.602627
 0.601744 0.602946 0.600404 0.59708  0.595657 0.59456  0.594016 0.592597
 0.592852 0.58952  0.590475 0.594755 0.593967 0.594205 0.593304 0.593304
 0.596049 0.594385 0.59246  0.593481 0.593511 0.593062]
AP_A:[0.425806 0.483871 0.519355 0.527778 0.529211 0.529588 0.523244 0.52293
 0.517321 0.516013 0.507744 0.501005 0.497605 0.491843 0.484128 0.481297
 0.478852 0.472453 0.471474 0.469862 0.468301 0.467517 0.465583 0.465583
 0.466099 0.463122 0.459567 0.459094 0.458984 0.458124]
Pre_A:[0.425806 0.332258 0.288172 0.26129  0.234839 0.204301 0.188018 0.167742
 0.154122 0.14129  0.132551 0.123656 0.116129 0.11106  0.107957 0.102016
 0.097913 0.093907 0.089983 0.087097 0.083564 0.080938 0.07798  0.074731
 0.072258 0.069727 0.067622 0.065899 0.063849 0.061935]
Recall_A:[0.177527 0.272581 0.33914  0.408065 0.450215 0.462796 0.497419 0.505161
 0.52129  0.531183 0.548065 0.556667 0.564194 0.579785 0.60043  0.604731
 0.615161 0.623763 0.630753 0.646882 0.650645 0.661398 0.665699 0.665699
 0.670538 0.673763 0.67914  0.683978 0.685591 0.687742]
[Epoch:11] ApiLoss:0.017002
[Evaluate] ApiLoss:0.017128
NDCG_A:[0.548387 0.629797 0.639482 0.652086 0.66216  0.660417 0.662537 0.662568
 0.661039 0.662379 0.664698 0.661199 0.658523 0.659012 0.655823 0.653461
 0.652317 0.651083 0.645486 0.637932 0.637932 0.637458 0.635335 0.637832
 0.637195 0.638458 0.638458 0.639635 0.639202 0.63775 ]
AP_A:[0.548387 0.612903 0.611828 0.608961 0.605986 0.600538 0.600865 0.599329
 0.595781 0.591829 0.587348 0.577237 0.569545 0.567341 0.561305 0.556691
 0.551583 0.545976 0.535243 0.521265 0.521265 0.52037  0.516503 0.516472
 0.514973 0.514842 0.514842 0.514657 0.513625 0.510937]
Pre_A:[0.548387 0.406452 0.333333 0.279032 0.245161 0.213978 0.186175 0.166935
 0.151254 0.140645 0.131965 0.125269 0.117618 0.11106  0.104946 0.099597
 0.095636 0.092115 0.089304 0.086774 0.082642 0.079179 0.076297 0.073925
 0.071742 0.069479 0.066906 0.064977 0.062959 0.06129 ]
Recall_A:[0.22129  0.326022 0.391505 0.43957  0.474946 0.490753 0.497204 0.509247
 0.515376 0.529892 0.549785 0.56914  0.582043 0.590108 0.596237 0.601075
 0.610108 0.623548 0.634839 0.65043  0.65043  0.652581 0.657097 0.663011
 0.666774 0.67129  0.67129  0.676667 0.678817 0.682581]
[Epoch:12] ApiLoss:0.016251
[Evaluate] ApiLoss:0.016561
NDCG_A:[0.6      0.665128 0.670433 0.68248  0.691078 0.688872 0.687432 0.686418
 0.681299 0.680034 0.679543 0.677737 0.672648 0.670406 0.670415 0.671906
 0.671091 0.671966 0.673362 0.668781 0.667626 0.670478 0.670265 0.670265
 0.669532 0.670889 0.672477 0.672477 0.672452 0.672452]
AP_A:[0.6      0.651613 0.648387 0.647491 0.648952 0.643772 0.639779 0.634115
 0.619977 0.615925 0.609039 0.602587 0.592744 0.585564 0.585473 0.582753
 0.580949 0.580053 0.577609 0.568929 0.564014 0.5646   0.561767 0.561767
 0.560412 0.56066  0.560968 0.560968 0.560818 0.560818]
Pre_A:[0.6      0.46129  0.354839 0.298387 0.254194 0.21828  0.191705 0.172581
 0.160573 0.148387 0.139003 0.12957  0.121588 0.116129 0.108817 0.104032
 0.099051 0.094265 0.090662 0.087419 0.084793 0.081525 0.078822 0.075538
 0.072774 0.070223 0.0681   0.065668 0.063626 0.061505]
Recall_A:[0.243333 0.364946 0.414086 0.465054 0.486774 0.495806 0.504946 0.520215
 0.54086  0.551828 0.570108 0.580323 0.58914  0.604194 0.604731 0.617849
 0.621613 0.628065 0.637742 0.64957  0.661398 0.667849 0.675914 0.675914
 0.67914  0.680753 0.687204 0.687204 0.687742 0.687742]
[Epoch:13] ApiLoss:0.015579
[Evaluate] ApiLoss:0.016042
NDCG_A:[0.677419 0.701842 0.709688 0.719937 0.719163 0.719042 0.715621 0.712581
 0.709489 0.704075 0.703957 0.706963 0.705514 0.700776 0.699667 0.705281
 0.706829 0.708347 0.706102 0.705632 0.704023 0.702353 0.70024  0.70024
 0.70024  0.699589 0.699804 0.700041 0.700041 0.698344]
AP_A:[0.677419 0.696774 0.685484 0.686022 0.679803 0.674964 0.666815 0.660187
 0.653031 0.639626 0.636278 0.633606 0.630293 0.621333 0.616308 0.616434
 0.616813 0.617172 0.612889 0.611993 0.609074 0.605846 0.601468 0.601468
 0.601468 0.600211 0.598355 0.596358 0.596358 0.593347]
Pre_A:[0.677419 0.458065 0.382796 0.314516 0.263226 0.226882 0.203687 0.183065
 0.167742 0.155484 0.143695 0.134946 0.126551 0.119355 0.113118 0.108468
 0.102467 0.097133 0.093039 0.08871  0.084793 0.081525 0.078822 0.075538
 0.072516 0.069975 0.0681   0.066359 0.064071 0.062151]
Recall_A:[0.275591 0.366022 0.446559 0.483548 0.504731 0.519462 0.533871 0.545376
 0.563118 0.582473 0.590538 0.605054 0.612581 0.62172  0.629462 0.645806
 0.649032 0.651183 0.658172 0.659785 0.663011 0.667849 0.675914 0.675914
 0.675914 0.678065 0.684516 0.69043  0.69043  0.693656]
[Epoch:14] ApiLoss:0.015175
[Evaluate] ApiLoss:0.015727
NDCG_A:[0.677419 0.705913 0.705802 0.72613  0.726763 0.720381 0.715098 0.716358
 0.712443 0.713874 0.712385 0.711444 0.713151 0.713113 0.71314  0.71314
 0.709961 0.705888 0.706794 0.708263 0.707388 0.707388 0.708795 0.709079
 0.709079 0.709079 0.70898  0.70872  0.709858 0.709858]
AP_A:[0.677419 0.7      0.694624 0.699283 0.696004 0.678262 0.666196 0.66512
 0.657593 0.653848 0.647394 0.642171 0.637263 0.63402  0.633822 0.633822
 0.627705 0.619961 0.619134 0.619457 0.615361 0.615361 0.615641 0.615749
 0.615749 0.615749 0.615485 0.614909 0.614402 0.614402]
Pre_A:[0.677419 0.509677 0.376344 0.319355 0.264516 0.235484 0.211982 0.187903
 0.169176 0.156129 0.145455 0.136559 0.129032 0.121659 0.113978 0.106855
 0.102467 0.098208 0.093718 0.089355 0.086022 0.082111 0.078822 0.075806
 0.072774 0.069975 0.067622 0.065438 0.063849 0.06172 ]
Recall_A:[0.276129 0.407419 0.443333 0.490753 0.504624 0.533333 0.560215 0.565591
 0.573333 0.587312 0.601828 0.613871 0.629462 0.64129  0.642366 0.642366
 0.65172  0.659247 0.664624 0.667849 0.674301 0.674301 0.677527 0.680753
 0.680753 0.680753 0.68129  0.683441 0.68957  0.68957 ]
[Epoch:15] ApiLoss:0.014867
[Evaluate] ApiLoss:0.015573
NDCG_A:[0.690323 0.714746 0.716018 0.715043 0.725508 0.721821 0.720789 0.713311
 0.713041 0.711689 0.714938 0.715319 0.714867 0.713932 0.714144 0.716668
 0.716404 0.715445 0.713344 0.713217 0.711148 0.711148 0.71048  0.71048
 0.706426 0.706426 0.705728 0.705728 0.705522 0.705434]
AP_A:[0.690323 0.709677 0.703226 0.688889 0.686416 0.678244 0.671539 0.655965
 0.648057 0.645476 0.645376 0.643014 0.636673 0.634044 0.629313 0.628472
 0.627416 0.625081 0.62119  0.618609 0.614815 0.614815 0.613483 0.613483
 0.60379  0.60379  0.602416 0.602416 0.60185  0.601594]
Pre_A:[0.690323 0.5      0.372043 0.316129 0.274839 0.235484 0.210138 0.191935
 0.177778 0.160645 0.148974 0.13871  0.131017 0.123041 0.116559 0.11129
 0.105503 0.100717 0.096095 0.091935 0.088172 0.084164 0.080785 0.077419
 0.075613 0.072705 0.070251 0.067742 0.065628 0.063656]
Recall_A:[0.279892 0.398817 0.437634 0.488065 0.524194 0.534409 0.553226 0.577634
 0.599355 0.602581 0.614946 0.622473 0.635376 0.641828 0.654731 0.664409
 0.669785 0.674086 0.678602 0.683441 0.687204 0.687204 0.689355 0.689355
 0.703871 0.703871 0.706022 0.706022 0.707312 0.707849]
[Epoch:16] ApiLoss:0.014488
[Evaluate] ApiLoss:0.015146
NDCG_A:[0.748387 0.764669 0.764388 0.764355 0.757901 0.754757 0.754711 0.75052
 0.754474 0.75268  0.748105 0.746878 0.748222 0.746439 0.743145 0.744494
 0.742435 0.741864 0.744225 0.741805 0.739688 0.738826 0.739565 0.740447
 0.740447 0.739692 0.739692 0.739692 0.739178 0.736955]
AP_A:[0.748387 0.76129  0.751613 0.742473 0.728889 0.722079 0.714936 0.706472
 0.70195  0.697792 0.688436 0.679941 0.679589 0.67612  0.669582 0.669163
 0.665314 0.661781 0.66062  0.655889 0.652007 0.649936 0.648884 0.647943
 0.647943 0.646399 0.646399 0.646399 0.645224 0.641251]
Pre_A:[0.748387 0.532258 0.402151 0.332258 0.28129  0.24086  0.213825 0.191129
 0.175627 0.16     0.148387 0.139785 0.130025 0.121659 0.115269 0.109274
 0.103605 0.098925 0.095416 0.09129  0.087558 0.084457 0.081346 0.078495
 0.075355 0.072705 0.070012 0.067512 0.065406 0.063656]
Recall_A:[0.303226 0.422688 0.47043  0.509032 0.536344 0.548172 0.566129 0.578495
 0.597849 0.603763 0.613118 0.631935 0.636774 0.640538 0.647742 0.655269
 0.660645 0.668172 0.681613 0.686989 0.689892 0.693656 0.697957 0.702796
 0.702796 0.704409 0.704409 0.704409 0.705699 0.710538]
[Epoch:17] ApiLoss:0.01397
[Evaluate] ApiLoss:0.014755
NDCG_A:[0.76129  0.777572 0.777058 0.77224  0.765839 0.760148 0.759876 0.756489
 0.753898 0.756306 0.759207 0.758225 0.757045 0.757808 0.759177 0.757374
 0.757112 0.755547 0.753154 0.753154 0.753154 0.75458  0.753912 0.753657
 0.75503  0.75503  0.753515 0.753848 0.752158 0.752158]
AP_A:[0.76129  0.774194 0.76828  0.753763 0.740466 0.727939 0.723433 0.716551
 0.707542 0.706175 0.702703 0.697183 0.692212 0.690682 0.687823 0.684008
 0.680966 0.678099 0.673402 0.673402 0.673402 0.673695 0.672363 0.669674
 0.669932 0.669932 0.66689  0.664678 0.661675 0.661675]
Pre_A:[0.76129  0.56129  0.410753 0.340323 0.285161 0.249462 0.219355 0.195161
 0.179211 0.163871 0.153079 0.143548 0.134491 0.126267 0.12     0.11371
 0.108159 0.102509 0.097793 0.092903 0.088479 0.084751 0.081346 0.078495
 0.075613 0.072705 0.070968 0.069355 0.067186 0.064946]
Recall_A:[0.309677 0.446344 0.482796 0.522688 0.545484 0.566989 0.577097 0.587312
 0.607419 0.616559 0.633226 0.646129 0.656344 0.663333 0.671398 0.68
 0.686989 0.690215 0.693441 0.693441 0.693441 0.696667 0.697957 0.704409
 0.707634 0.707634 0.712688 0.721505 0.724731 0.724731]
[Epoch:18] ApiLoss:0.013432
[Evaluate] ApiLoss:0.014442
NDCG_A:[0.767742 0.784024 0.784834 0.776147 0.780797 0.783682 0.777691 0.76949
 0.770609 0.77303  0.773061 0.770713 0.767107 0.767955 0.769568 0.767607
 0.767329 0.7642   0.761806 0.76133  0.7598   0.761523 0.758257 0.759647
 0.761309 0.760125 0.760196 0.757966 0.757966 0.757431]
AP_A:[0.767742 0.780645 0.776882 0.758423 0.755878 0.754211 0.741803 0.725119
 0.723969 0.722647 0.719837 0.712093 0.704598 0.703259 0.703689 0.699791
 0.698722 0.692988 0.68829  0.687134 0.683777 0.68194  0.676049 0.676318
 0.676687 0.672055 0.671936 0.66793  0.66793  0.666951]
Pre_A:[0.767742 0.574194 0.423656 0.353226 0.295484 0.252688 0.223963 0.203226
 0.183513 0.167742 0.154252 0.144624 0.136476 0.128571 0.12043  0.11371
 0.10778  0.102509 0.097793 0.093226 0.089708 0.086804 0.08359  0.080376
 0.077677 0.075434 0.072879 0.070737 0.068298 0.066237]
Recall_A:[0.312903 0.455484 0.492473 0.540753 0.562366 0.575269 0.593011 0.616129
 0.624946 0.631398 0.64     0.652903 0.663011 0.670538 0.673763 0.677527
 0.682903 0.687742 0.691505 0.693118 0.697957 0.706774 0.712151 0.714301
 0.719677 0.72828  0.731505 0.736022 0.736022 0.737634]
[Epoch:19] ApiLoss:0.012991
[Evaluate] ApiLoss:0.014223
NDCG_A:[0.780645 0.792857 0.787448 0.792479 0.787892 0.781676 0.782893 0.779803
 0.782348 0.776938 0.778892 0.777248 0.776643 0.776643 0.779869 0.779218
 0.777297 0.774475 0.773917 0.772322 0.770849 0.773701 0.770435 0.768373
 0.769131 0.769067 0.769067 0.768697 0.768697 0.769709]
AP_A:[0.780645 0.790323 0.778495 0.776165 0.766272 0.75319  0.751923 0.745059
 0.740582 0.73026  0.728177 0.721937 0.714171 0.714171 0.715031 0.713642
 0.709514 0.703735 0.702641 0.699737 0.696768 0.697354 0.691464 0.687557
 0.686639 0.686433 0.686433 0.685667 0.685667 0.685316]
Pre_A:[0.780645 0.590323 0.443011 0.358065 0.299355 0.25914  0.224885 0.200806
 0.183513 0.167742 0.155425 0.145699 0.138958 0.129032 0.12129  0.114113
 0.108539 0.103584 0.098472 0.093871 0.090015 0.08651  0.08331  0.080376
 0.077677 0.074938 0.072162 0.069816 0.067408 0.065591]
Recall_A:[0.315591 0.471075 0.51828  0.55043  0.571075 0.590645 0.600323 0.61
 0.627957 0.63871  0.648602 0.659892 0.678925 0.678925 0.683763 0.685376
 0.692366 0.699355 0.701505 0.704731 0.711183 0.716559 0.72086  0.725699
 0.730215 0.730753 0.730753 0.732366 0.732366 0.735806]
[Epoch:20] ApiLoss:0.012518
[Evaluate] ApiLoss:0.014049
NDCG_A:[0.780645 0.788786 0.792015 0.792108 0.795048 0.786674 0.784259 0.784554
 0.786583 0.788835 0.79078  0.788251 0.787997 0.784635 0.784201 0.785779
 0.783415 0.783415 0.782636 0.782605 0.780935 0.780935 0.779302 0.778833
 0.780205 0.78046  0.779902 0.777452 0.778766 0.778225]
AP_A:[0.780645 0.787097 0.784409 0.779391 0.773799 0.756487 0.747912 0.745179
 0.74543  0.740699 0.735616 0.730159 0.726916 0.719967 0.718905 0.719308
 0.714206 0.714206 0.710207 0.710108 0.706422 0.706422 0.703476 0.702401
 0.702659 0.702737 0.701706 0.697149 0.697371 0.696108]
Pre_A:[0.780645 0.6      0.449462 0.364516 0.304516 0.266667 0.235023 0.208871
 0.187814 0.172903 0.160704 0.149462 0.139454 0.131797 0.123871 0.116532
 0.111575 0.105376 0.100849 0.096129 0.092166 0.087977 0.084432 0.081183
 0.078194 0.075434 0.072879 0.070737 0.068521 0.066452]
Recall_A:[0.317204 0.47914  0.524731 0.557419 0.579355 0.608602 0.626344 0.635484
 0.642473 0.656989 0.672043 0.678172 0.685914 0.696344 0.698495 0.70172
 0.712473 0.712473 0.72     0.720538 0.723763 0.723763 0.726989 0.72828
 0.731505 0.733656 0.735269 0.740108 0.742258 0.743871]
[Epoch:21] ApiLoss:0.012125
[Evaluate] ApiLoss:0.013767
NDCG_A:[0.793548 0.813901 0.80924  0.804141 0.802713 0.804187 0.80234  0.801393
 0.800012 0.801128 0.798122 0.793006 0.794512 0.79437  0.795226 0.793698
 0.791721 0.790834 0.790834 0.789179 0.790587 0.78928  0.790433 0.789878
 0.788686 0.788686 0.78795  0.790606 0.790036 0.787836]
AP_A:[0.793548 0.809677 0.8      0.789068 0.781971 0.776953 0.769715 0.760897
 0.754961 0.753836 0.747453 0.736897 0.734313 0.733621 0.732331 0.729508
 0.725832 0.723805 0.723805 0.720734 0.720931 0.718138 0.717903 0.716858
 0.714256 0.714256 0.712216 0.712676 0.711628 0.707488]
Pre_A:[0.793548 0.625806 0.462366 0.372581 0.308387 0.266667 0.234101 0.21129
 0.191398 0.174194 0.16129  0.151075 0.141439 0.132258 0.124301 0.116935
 0.110816 0.105376 0.09983  0.095484 0.091551 0.087977 0.084712 0.081452
 0.07871  0.075682 0.073596 0.071429 0.069188 0.067312]
Recall_A:[0.319892 0.496344 0.541935 0.575699 0.594194 0.615376 0.628817 0.646989
 0.65828  0.663656 0.671935 0.684839 0.694194 0.69957  0.704409 0.706559
 0.711935 0.714086 0.714086 0.717849 0.720538 0.725914 0.73043  0.732581
 0.736344 0.736344 0.742796 0.749247 0.750538 0.755054]
[Epoch:22] ApiLoss:0.011738
[Evaluate] ApiLoss:0.013632
NDCG_A:[0.780645 0.796927 0.791348 0.79461  0.793322 0.79145  0.788738 0.788858
 0.790784 0.796052 0.795364 0.793186 0.792227 0.791872 0.787495 0.787495
 0.785948 0.785044 0.783464 0.785832 0.785111 0.784048 0.78364  0.782635
 0.782635 0.782635 0.782548 0.782548 0.782548 0.783851]
AP_A:[0.780645 0.793548 0.777419 0.775269 0.768154 0.760125 0.74736  0.741092
 0.74176  0.742375 0.737911 0.733352 0.731119 0.730274 0.721656 0.721656
 0.718809 0.716829 0.713943 0.713477 0.70979  0.707086 0.706183 0.704131
 0.704131 0.704131 0.701163 0.701163 0.701163 0.701378]
Pre_A:[0.780645 0.6      0.473118 0.379032 0.316129 0.273118 0.24424  0.219355
 0.196416 0.18     0.165982 0.154839 0.143921 0.134101 0.127312 0.119355
 0.112713 0.107168 0.101868 0.097742 0.094009 0.090616 0.086957 0.083871
 0.080516 0.077419 0.075508 0.072811 0.0703   0.068172]
Recall_A:[0.315054 0.478602 0.555376 0.582366 0.605699 0.623978 0.649247 0.666129
 0.668817 0.683333 0.692151 0.703441 0.70828  0.709892 0.718387 0.718387
 0.721613 0.725376 0.728602 0.733441 0.742043 0.747419 0.74871  0.751398
 0.751398 0.751398 0.75914  0.75914  0.75914  0.762366]
[Epoch:23] ApiLoss:0.01139
[Evaluate] ApiLoss:0.013478
NDCG_A:[0.793548 0.817971 0.819647 0.813712 0.808822 0.808201 0.809918 0.805592
 0.81172  0.809831 0.809031 0.807972 0.806243 0.806724 0.805478 0.803812
 0.80063  0.800107 0.800107 0.798617 0.797008 0.797883 0.798529 0.798529
 0.797413 0.797356 0.797356 0.795674 0.794777 0.794352]
AP_A:[0.793548 0.812903 0.806989 0.794086 0.783763 0.775161 0.7747   0.765964
 0.768294 0.763948 0.761585 0.756235 0.752711 0.750689 0.742718 0.739054
 0.733132 0.732089 0.732089 0.728994 0.726075 0.725318 0.721601 0.721601
 0.719221 0.718932 0.718932 0.715936 0.714008 0.713093]
Pre_A:[0.793548 0.632258 0.48172  0.395161 0.326452 0.280645 0.243318 0.216935
 0.195699 0.17871  0.164223 0.153763 0.142928 0.134101 0.128172 0.121774
 0.11575  0.110036 0.104244 0.1      0.095545 0.091789 0.08892  0.085215
 0.082323 0.079404 0.076464 0.073963 0.071635 0.069462]
Recall_A:[0.321505 0.503333 0.565591 0.604946 0.622903 0.643871 0.651613 0.662366
 0.675269 0.68172  0.68871  0.698817 0.702258 0.708172 0.721828 0.730645
 0.737634 0.739462 0.739462 0.745376 0.747527 0.750753 0.760968 0.760968
 0.764731 0.766882 0.766882 0.770108 0.77172  0.773333]
[Epoch:24] ApiLoss:0.011103
[Evaluate] ApiLoss:0.013267
NDCG_A:[0.793548 0.813901 0.809643 0.816775 0.812283 0.806568 0.806365 0.809734
 0.807376 0.812033 0.812755 0.811527 0.813146 0.813505 0.812578 0.812578
 0.80807  0.808029 0.806448 0.806188 0.805581 0.803432 0.801874 0.801426
 0.801426 0.799927 0.799927 0.799742 0.798052 0.798052]
AP_A:[0.793548 0.809677 0.800538 0.793907 0.780412 0.768495 0.764808 0.764078
 0.759025 0.758702 0.756787 0.754112 0.754426 0.752045 0.747113 0.747113
 0.738416 0.738304 0.735418 0.73488  0.733535 0.729283 0.726215 0.725207
 0.725207 0.722119 0.722119 0.721685 0.718682 0.718682]
Pre_A:[0.793548 0.635484 0.47957  0.4      0.335484 0.289247 0.250691 0.223387
 0.201434 0.184516 0.170088 0.157527 0.146402 0.137327 0.131183 0.122984
 0.117268 0.111111 0.105603 0.100645 0.096467 0.092669 0.089201 0.085753
 0.082323 0.079653 0.076703 0.074194 0.071858 0.069462]
Recall_A:[0.322581 0.507097 0.561828 0.61871  0.647634 0.667204 0.675269 0.686774
 0.694516 0.706344 0.71172  0.716022 0.718172 0.725699 0.739355 0.739355
 0.747957 0.748495 0.75172  0.753011 0.758387 0.762151 0.768602 0.769892
 0.769892 0.773333 0.773333 0.775484 0.77871  0.77871 ]
[Epoch:25] ApiLoss:0.010681
[Evaluate] ApiLoss:0.013145
NDCG_A:[0.819355 0.831566 0.825351 0.82169  0.824065 0.82257  0.825356 0.829225
 0.827289 0.825298 0.823236 0.821303 0.82214  0.819037 0.815968 0.815195
 0.813136 0.813136 0.812837 0.812762 0.811154 0.811154 0.812561 0.81534
 0.811755 0.812049 0.812049 0.811568 0.811409 0.811409]
AP_A:[0.819355 0.829032 0.816129 0.804301 0.80129  0.794122 0.79234  0.789782
 0.782577 0.778491 0.774287 0.770524 0.769109 0.762727 0.756197 0.754449
 0.74515  0.74515  0.744504 0.744294 0.740033 0.740033 0.740313 0.740851
 0.73389  0.734004 0.734004 0.732928 0.732506 0.732506]
Pre_A:[0.819355 0.651613 0.498925 0.406452 0.334194 0.286022 0.250691 0.225
 0.205018 0.185806 0.170088 0.156989 0.146402 0.138249 0.131613 0.12379
 0.119545 0.112903 0.107301 0.102258 0.098618 0.094135 0.090323 0.087097
 0.084903 0.081886 0.078853 0.076267 0.07386  0.071398]
Recall_A:[0.332796 0.522151 0.585484 0.625376 0.639247 0.656452 0.669355 0.688925
 0.700108 0.705484 0.710323 0.714624 0.72129  0.73043  0.74172  0.742796
 0.762366 0.762366 0.763656 0.764194 0.772796 0.772796 0.774409 0.779785
 0.789677 0.791828 0.791828 0.793441 0.796667 0.796667]
[Epoch:26] ApiLoss:0.01035
[Evaluate] ApiLoss:0.013096
NDCG_A:[0.806452 0.830875 0.830475 0.829455 0.830422 0.830652 0.825866 0.8235
 0.823095 0.820756 0.820341 0.821553 0.819922 0.819254 0.819361 0.818768
 0.818496 0.818416 0.817285 0.818765 0.818952 0.817991 0.817991 0.816974
 0.817247 0.81637  0.815486 0.815486 0.814219 0.814219]
AP_A:[0.806452 0.825806 0.82043  0.813978 0.811828 0.803728 0.78996  0.784853
 0.78068  0.772131 0.771284 0.767711 0.764551 0.760317 0.757951 0.756368
 0.75578  0.755572 0.753398 0.753505 0.75342  0.75139  0.75139  0.749307
 0.749403 0.747501 0.745589 0.745589 0.742516 0.742516]
Pre_A:[0.806452 0.670968 0.505376 0.398387 0.325161 0.284946 0.253456 0.224194
 0.202867 0.187742 0.171261 0.160215 0.148883 0.140092 0.131613 0.124194
 0.117268 0.111111 0.105942 0.10129  0.097081 0.093255 0.089201 0.086022
 0.082839 0.079901 0.07718  0.074424 0.072747 0.070323]
Recall_A:[0.327419 0.53828  0.593548 0.617634 0.627527 0.658387 0.68043  0.685161
 0.695376 0.712258 0.714409 0.727527 0.730215 0.73828  0.743656 0.747419
 0.74871  0.749247 0.753548 0.76     0.762688 0.766452 0.766452 0.769032
 0.772258 0.774409 0.776022 0.776022 0.784624 0.784624]
[Epoch:27] ApiLoss:0.009946
[Evaluate] ApiLoss:0.012894
NDCG_A:[0.812903 0.833256 0.830784 0.826227 0.82737  0.830133 0.831323 0.829931
 0.826722 0.824012 0.82286  0.821592 0.822313 0.820012 0.821169 0.819517
 0.819408 0.816946 0.816946 0.816861 0.816861 0.816861 0.816861 0.819316
 0.819316 0.819316 0.819316 0.819316 0.819316 0.818934]
AP_A:[0.812903 0.829032 0.819355 0.809857 0.804265 0.798889 0.797359 0.791176
 0.784129 0.775885 0.770216 0.764624 0.762897 0.757755 0.757003 0.753313
 0.753019 0.747463 0.747463 0.747233 0.747233 0.747233 0.747233 0.747099
 0.747099 0.746886 0.746886 0.746886 0.746886 0.745784]
Pre_A:[0.812903 0.664516 0.51828  0.41129  0.341935 0.293548 0.256221 0.228226
 0.207168 0.189677 0.175367 0.163441 0.152854 0.14424  0.135484 0.128226
 0.121063 0.116129 0.110017 0.104839 0.099846 0.095308 0.091164 0.088172
 0.084645 0.081638 0.078614 0.075806 0.073192 0.071183]
Recall_A:[0.32957  0.532366 0.606667 0.631505 0.653978 0.674409 0.683011 0.695376
 0.710108 0.723226 0.736667 0.747419 0.752796 0.75914  0.763978 0.769355
 0.769892 0.78086  0.78086  0.781398 0.781398 0.781398 0.781398 0.789462
 0.789462 0.791613 0.791613 0.791613 0.791613 0.796452]
[Epoch:28] ApiLoss:0.009581
[Evaluate] ApiLoss:0.012846
NDCG_A:[0.83871  0.859062 0.858663 0.856221 0.857753 0.85392  0.851674 0.850184
 0.852126 0.848904 0.845773 0.84682  0.844256 0.840749 0.839543 0.836375
 0.837327 0.838846 0.838069 0.839471 0.837863 0.837366 0.838773 0.838773
 0.838773 0.838773 0.839458 0.837643 0.837643 0.837435]
AP_A:[0.83871  0.854839 0.849462 0.839785 0.835054 0.826452 0.82105  0.817286
 0.818003 0.811695 0.805524 0.804449 0.799132 0.792384 0.789839 0.78348
 0.782456 0.782815 0.780619 0.780781 0.777862 0.776927 0.777207 0.777207
 0.777207 0.777207 0.77618  0.772787 0.772787 0.772332]
Pre_A:[0.83871  0.693548 0.522581 0.419355 0.347097 0.296774 0.259908 0.230645
 0.205735 0.187097 0.171848 0.158602 0.14938  0.140553 0.132043 0.125403
 0.119165 0.112903 0.108659 0.103871 0.099232 0.095015 0.091164 0.087366
 0.083871 0.080645 0.078136 0.075806 0.073192 0.070968]
Recall_A:[0.342473 0.560108 0.614516 0.649355 0.66914  0.685484 0.699677 0.707742
 0.710968 0.717419 0.723333 0.727097 0.738065 0.743656 0.747097 0.755914
 0.76129  0.764516 0.774086 0.777849 0.781075 0.782688 0.785914 0.785914
 0.785914 0.785914 0.789677 0.795054 0.795054 0.796344]
[Epoch:29] ApiLoss:0.009194
[Evaluate] ApiLoss:0.012707
NDCG_A:[0.832258 0.84854  0.853038 0.85168  0.850826 0.84748  0.847385 0.847176
 0.844614 0.843873 0.845189 0.844824 0.84363  0.842825 0.84074  0.839194
 0.837869 0.838345 0.836764 0.836293 0.836484 0.836343 0.837538 0.837332
 0.835678 0.835678 0.835678 0.835678 0.835678 0.832283]
AP_A:[0.832258 0.845161 0.84086  0.832975 0.827276 0.81612  0.812126 0.805262
 0.799736 0.79737  0.79693  0.795855 0.793263 0.788783 0.781992 0.778497
 0.775825 0.773925 0.771039 0.770143 0.770157 0.769846 0.769601 0.769075
 0.766107 0.766107 0.766107 0.766107 0.766107 0.760086]
Pre_A:[0.832258 0.680645 0.529032 0.429032 0.352258 0.304301 0.265438 0.237903
 0.214337 0.194839 0.178299 0.164516 0.152854 0.143779 0.136344 0.128629
 0.122201 0.116846 0.111036 0.105806 0.101075 0.096774 0.093128 0.089516
 0.086194 0.082878 0.079809 0.076959 0.074305 0.072258]
Recall_A:[0.339247 0.546667 0.620645 0.66172  0.675806 0.697312 0.708602 0.727419
 0.735699 0.741613 0.746989 0.751505 0.754409 0.763226 0.772581 0.775806
 0.781398 0.788602 0.791828 0.793441 0.796667 0.797957 0.803333 0.803871
 0.807097 0.807097 0.807097 0.807097 0.807097 0.813548]
[Epoch:30] ApiLoss:0.008817
[Evaluate] ApiLoss:0.012695
NDCG_A:[0.83871  0.850921 0.855419 0.860818 0.856227 0.85289  0.85137  0.850421
 0.844618 0.843725 0.840247 0.840563 0.840028 0.838112 0.836148 0.838654
 0.838356 0.838961 0.840454 0.840117 0.840117 0.839698 0.837876 0.83551
 0.835276 0.834969 0.834516 0.831834 0.831834 0.831834]
AP_A:[0.83871  0.848387 0.844086 0.842115 0.831953 0.824427 0.820945 0.818833
 0.807273 0.798196 0.791399 0.789249 0.788132 0.784514 0.780249 0.779666
 0.778863 0.777132 0.777471 0.776737 0.776737 0.7758   0.772436 0.767743
 0.767195 0.764465 0.763468 0.758245 0.758245 0.758245]
Pre_A:[0.83871  0.687097 0.531183 0.425806 0.353548 0.302151 0.262673 0.232258
 0.210753 0.196129 0.181232 0.167204 0.154839 0.1447   0.136344 0.129032
 0.121822 0.116129 0.110357 0.105161 0.100154 0.096188 0.092567 0.089516
 0.086194 0.083375 0.080526 0.078341 0.07564  0.073118]
Recall_A:[0.342473 0.556344 0.623333 0.65871  0.683118 0.698387 0.703763 0.707742
 0.72172  0.744516 0.754731 0.761183 0.763333 0.767634 0.772688 0.779677
 0.780968 0.785269 0.788495 0.789785 0.789785 0.791613 0.796129 0.802258
 0.805484 0.811935 0.813011 0.82     0.82     0.82    ]
[Epoch:31] ApiLoss:0.008343
[Evaluate] ApiLoss:0.01265
NDCG_A:[0.83871  0.867203 0.871468 0.873729 0.872831 0.872141 0.868272 0.867035
 0.864134 0.86523  0.862633 0.862633 0.860971 0.857769 0.856256 0.854614
 0.854218 0.854218 0.851828 0.851828 0.851421 0.849099 0.849099 0.848233
 0.846579 0.847102 0.845429 0.843748 0.843748 0.84505 ]
AP_A:[0.83871  0.86129  0.860753 0.856452 0.850054 0.844857 0.836562 0.833282
 0.824373 0.822816 0.816653 0.816653 0.813466 0.807321 0.80388  0.800789
 0.799863 0.799863 0.795291 0.795291 0.794376 0.790124 0.790124 0.786039
 0.783071 0.781307 0.77832  0.775325 0.775325 0.77554 ]
Pre_A:[0.83871  0.719355 0.546237 0.437097 0.362581 0.308602 0.269124 0.239516
 0.217204 0.19871  0.183578 0.16828  0.156328 0.146544 0.137634 0.129839
 0.122581 0.115771 0.110696 0.105161 0.100461 0.096481 0.092286 0.089516
 0.086194 0.083623 0.080765 0.078111 0.075417 0.073118]
Recall_A:[0.342473 0.58129  0.644624 0.68     0.700538 0.713978 0.722581 0.731828
 0.746882 0.758387 0.765914 0.765914 0.77043  0.777957 0.78172  0.786237
 0.786774 0.786774 0.792688 0.792688 0.793763 0.79914  0.79914  0.807742
 0.810968 0.817097 0.820323 0.823548 0.823548 0.826774]
[Epoch:32] ApiLoss:0.007898
[Evaluate] ApiLoss:0.012417
NDCG_A:[0.851613 0.863824 0.867054 0.868095 0.867829 0.865031 0.864543 0.86284
 0.860673 0.859066 0.857793 0.859026 0.859501 0.857172 0.858389 0.857184
 0.855637 0.855637 0.854322 0.855467 0.855786 0.854941 0.852921 0.85248
 0.850826 0.850826 0.850826 0.847761 0.847761 0.848287]
AP_A:[0.851613 0.86129  0.858602 0.851971 0.847384 0.84147  0.840329 0.832668
 0.827847 0.824612 0.81923  0.818692 0.816522 0.811588 0.810754 0.807849
 0.805003 0.805003 0.801918 0.801544 0.801689 0.799832 0.795949 0.794963
 0.791995 0.791995 0.791995 0.784097 0.784097 0.782914]
Pre_A:[0.851613 0.722581 0.556989 0.446774 0.367742 0.311828 0.269124 0.241129
 0.217204 0.196774 0.181232 0.167204 0.156328 0.146544 0.138065 0.130645
 0.12334  0.116487 0.111036 0.106129 0.101382 0.097067 0.093689 0.090054
 0.08671  0.083375 0.080287 0.078571 0.075862 0.073763]
Recall_A:[0.348925 0.583978 0.656667 0.69129  0.706237 0.717742 0.721505 0.735161
 0.742903 0.746129 0.757097 0.762473 0.769677 0.776129 0.783118 0.787097
 0.790323 0.790323 0.793548 0.796989 0.79914  0.80129  0.806344 0.807419
 0.810645 0.810645 0.810645 0.825161 0.825161 0.828925]
[Epoch:33] ApiLoss:0.007581
[Evaluate] ApiLoss:0.012551
NDCG_A:[0.858065 0.870276 0.866251 0.870497 0.869889 0.866276 0.862833 0.864033
 0.863552 0.863092 0.861778 0.85896  0.858311 0.856828 0.859401 0.860533
 0.860533 0.860128 0.856148 0.855711 0.854018 0.8531   0.8531   0.8531
 0.8531   0.853145 0.853145 0.852763 0.852763 0.852763]
AP_A:[0.858065 0.867742 0.854839 0.850538 0.84509  0.837168 0.829552 0.828073
 0.826998 0.825908 0.8197   0.813786 0.812251 0.809486 0.808681 0.808217
 0.808217 0.806582 0.799069 0.795679 0.792558 0.78842  0.78842  0.78842
 0.78842  0.788265 0.788265 0.78727  0.78727  0.78727 ]
Pre_A:[0.858065 0.712903 0.56129  0.448387 0.369032 0.315054 0.276498 0.245161
 0.218638 0.198065 0.182991 0.169355 0.15732  0.146544 0.138495 0.130645
 0.12296  0.117204 0.112394 0.108065 0.103533 0.099707 0.095372 0.091398
 0.087742 0.084615 0.081481 0.078802 0.076085 0.073548]
Recall_A:[0.352151 0.574301 0.657419 0.694731 0.714301 0.729032 0.740753 0.748817
 0.750108 0.752688 0.762903 0.769892 0.771505 0.774731 0.782473 0.787849
 0.787849 0.793226 0.805054 0.814194 0.817957 0.824946 0.824946 0.824946
 0.824946 0.828172 0.828172 0.829462 0.829462 0.829462]
[Epoch:34] ApiLoss:0.007188
[Evaluate] ApiLoss:0.012613
NDCG_A:[0.845161 0.865514 0.865517 0.871761 0.86807  0.863308 0.860377 0.859296
 0.85631  0.855458 0.858416 0.858733 0.856256 0.857525 0.857353 0.853144
 0.853083 0.850767 0.850717 0.850717 0.849108 0.849108 0.847475 0.846799
 0.846062 0.846062 0.847238 0.845556 0.843867 0.843867]
AP_A:[0.845161 0.86129  0.856452 0.85681  0.845018 0.834892 0.828415 0.825673
 0.819867 0.817694 0.817083 0.814932 0.80979  0.809314 0.808884 0.800696
 0.796797 0.791633 0.791327 0.791327 0.788409 0.788409 0.785463 0.784119
 0.782435 0.782435 0.782267 0.779272 0.776269 0.776269]
Pre_A:[0.845161 0.725806 0.56129  0.441935 0.369032 0.315054 0.275576 0.243548
 0.218638 0.19871  0.182991 0.168817 0.15732  0.147005 0.137634 0.131048
 0.125237 0.119713 0.113752 0.108065 0.103226 0.098534 0.09453  0.09086
 0.087742 0.084367 0.08172  0.079032 0.076529 0.073978]
Recall_A:[0.345699 0.587742 0.660108 0.687419 0.711505 0.729785 0.742151 0.746129
 0.753656 0.757097 0.767849 0.773226 0.779355 0.784194 0.784731 0.796237
 0.806129 0.813118 0.815269 0.815269 0.818495 0.818495 0.82172  0.823333
 0.826237 0.826237 0.83     0.833226 0.836452 0.836452]
[Epoch:35] ApiLoss:0.006791
[Evaluate] ApiLoss:0.012587
NDCG_A:[0.83871  0.854992 0.85707  0.856854 0.859072 0.856897 0.857309 0.856038
 0.855315 0.855471 0.85793  0.857611 0.858276 0.854473 0.854009 0.855121
 0.856668 0.854612 0.852789 0.851193 0.847915 0.847445 0.845586 0.845586
 0.843931 0.843537 0.844712 0.843031 0.843031 0.843031]
AP_A:[0.83871  0.851613 0.846237 0.841219 0.837563 0.832679 0.829005 0.823181
 0.821517 0.818614 0.817196 0.816428 0.814545 0.80685  0.805936 0.804887
 0.8028   0.798678 0.795205 0.792301 0.785696 0.784592 0.778982 0.778982
 0.776014 0.775164 0.77501  0.772015 0.772015 0.772015]
Pre_A:[0.83871  0.712903 0.567742 0.446774 0.369032 0.312903 0.274654 0.244355
 0.218638 0.19871  0.182991 0.16828  0.156824 0.147926 0.138495 0.131048
 0.124478 0.11828  0.112733 0.107419 0.103226 0.098827 0.095372 0.091398
 0.088    0.084864 0.082198 0.079493 0.076752 0.074194]
Recall_A:[0.344624 0.573226 0.664194 0.691505 0.712688 0.722043 0.734839 0.746882
 0.750323 0.756774 0.765914 0.766989 0.772903 0.782796 0.784946 0.793011
 0.802688 0.807527 0.812043 0.815269 0.822258 0.823871 0.832473 0.832473
 0.835699 0.836989 0.839677 0.842903 0.842903 0.842903]
[Epoch:36] ApiLoss:0.006477
[Evaluate] ApiLoss:0.012549
NDCG_A:[0.83871  0.859062 0.855322 0.863268 0.862446 0.859822 0.859318 0.859308
 0.855995 0.852934 0.853497 0.853807 0.85131  0.851376 0.848571 0.848571
 0.850118 0.849018 0.848326 0.846731 0.846543 0.846543 0.846043 0.847432
 0.847274 0.847274 0.848616 0.846827 0.846827 0.846259]
AP_A:[0.83871  0.854839 0.846774 0.845699 0.83957  0.830063 0.828834 0.82507
 0.811764 0.805635 0.803184 0.800765 0.795623 0.7952   0.789125 0.789125
 0.789504 0.786851 0.785399 0.782496 0.781996 0.781996 0.780798 0.781067
 0.780698 0.780698 0.780937 0.777686 0.777686 0.776647]
Pre_A:[0.83871  0.719355 0.554839 0.445161 0.369032 0.319355 0.274654 0.244355
 0.224373 0.203871 0.18827  0.174194 0.162283 0.151613 0.143226 0.134274
 0.126755 0.120789 0.114771 0.109355 0.104455 0.099707 0.095652 0.091935
 0.088516 0.085112 0.082198 0.079724 0.076974 0.074624]
Recall_A:[0.343548 0.580753 0.653118 0.693118 0.715054 0.73914  0.740753 0.75172
 0.773978 0.780968 0.78871  0.797312 0.802688 0.807204 0.817419 0.817419
 0.81957  0.823333 0.825484 0.827634 0.83086  0.83086  0.832473 0.835699
 0.836237 0.836237 0.839462 0.843226 0.843226 0.845376]
[Epoch:37] ApiLoss:0.006181
[Evaluate] ApiLoss:0.012922
NDCG_A:[0.851613 0.867895 0.86168  0.870152 0.867946 0.863179 0.860762 0.861831
 0.860987 0.861218 0.861282 0.859541 0.857592 0.856944 0.861508 0.863086
 0.861803 0.858459 0.857869 0.857869 0.85773  0.85773  0.85773  0.85773
 0.85773  0.857277 0.857277 0.85582  0.856861 0.856085]
AP_A:[0.851613 0.864516 0.851613 0.852688 0.843871 0.833978 0.828372 0.823551
 0.821528 0.818195 0.81749  0.813503 0.809764 0.805712 0.806249 0.806652
 0.803917 0.797671 0.793851 0.793851 0.793518 0.793518 0.793518 0.793518
 0.793518 0.792467 0.792467 0.789164 0.788775 0.787377]
Pre_A:[0.851613 0.719355 0.572043 0.453226 0.374194 0.319355 0.278341 0.249194
 0.222939 0.203226 0.18651  0.173118 0.160794 0.151152 0.142796 0.134274
 0.127135 0.121147 0.115789 0.11     0.105069 0.100293 0.095933 0.091935
 0.088258 0.085112 0.081959 0.079493 0.077197 0.074839]
Recall_A:[0.347849 0.579355 0.66871  0.701935 0.725054 0.740538 0.748602 0.764946
 0.766559 0.774839 0.781828 0.792796 0.797097 0.806989 0.817957 0.820108
 0.824409 0.831398 0.839462 0.839462 0.84     0.84     0.84     0.84
 0.84     0.841613 0.841613 0.844839 0.84828  0.851505]
[Epoch:38] ApiLoss:0.005781
[Evaluate] ApiLoss:0.012749
NDCG_A:[0.845161 0.869584 0.866247 0.868843 0.862522 0.862002 0.856723 0.856751
 0.858451 0.856259 0.854126 0.854443 0.854084 0.851342 0.851342 0.851342
 0.851569 0.852287 0.85173  0.850842 0.850641 0.849797 0.849261 0.849261
 0.848654 0.84883  0.850173 0.849609 0.849517 0.849638]
AP_A:[0.845161 0.864516 0.856989 0.853584 0.8406   0.835869 0.824208 0.820304
 0.820432 0.813335 0.80559  0.80344  0.799911 0.794438 0.794438 0.794438
 0.794495 0.793062 0.791794 0.789661 0.789205 0.787348 0.786015 0.786015
 0.784627 0.784627 0.784866 0.783826 0.783611 0.783592]
Pre_A:[0.845161 0.722581 0.56129  0.445161 0.369032 0.312903 0.278341 0.248387
 0.222222 0.202581 0.18827  0.173656 0.161787 0.151613 0.141505 0.132661
 0.125237 0.118996 0.113413 0.108387 0.103533 0.09912  0.095091 0.091129
 0.088    0.084864 0.081959 0.079263 0.076752 0.074409]
Recall_A:[0.345699 0.585591 0.660645 0.691505 0.713441 0.726882 0.747957 0.761935
 0.766452 0.77828  0.795484 0.80086  0.806989 0.815591 0.815591 0.815591
 0.817742 0.82043  0.823011 0.825161 0.825699 0.827312 0.828925 0.828925
 0.831075 0.834301 0.837527 0.839677 0.840215 0.842366]
[Epoch:39] ApiLoss:0.005536
[Evaluate] ApiLoss:0.01279
NDCG_A:[0.851613 0.871965 0.878421 0.872412 0.870919 0.865702 0.864065 0.866039
 0.867097 0.865106 0.86633  0.865038 0.862862 0.861874 0.861874 0.861874
 0.861451 0.861243 0.861243 0.861243 0.859634 0.859634 0.859634 0.859634
 0.857223 0.85858  0.858878 0.858697 0.860012 0.860012]
AP_A:[0.851613 0.867742 0.867204 0.85448  0.847231 0.836478 0.832518 0.829561
 0.827903 0.823817 0.822436 0.816629 0.812245 0.809871 0.809871 0.809871
 0.808853 0.808362 0.808362 0.808362 0.805443 0.805443 0.805443 0.805443
 0.800733 0.800981 0.801096 0.800674 0.800896 0.800896]
Pre_A:[0.851613 0.741935 0.578495 0.462903 0.381935 0.324731 0.284793 0.253226
 0.227957 0.206452 0.190029 0.177419 0.164764 0.153917 0.143656 0.134677
 0.127135 0.12043  0.114092 0.108387 0.103533 0.098827 0.09453  0.090591
 0.087742 0.084615 0.08172  0.079032 0.076529 0.073978]
Recall_A:[0.348925 0.601935 0.685161 0.722903 0.74086  0.752688 0.766344 0.777097
 0.786129 0.78957  0.799785 0.813441 0.81828  0.82172  0.82172  0.82172
 0.822258 0.823548 0.823548 0.823548 0.826774 0.826774 0.826774 0.826774
 0.832151 0.834301 0.836452 0.836989 0.840215 0.840215]
[Test] ApiLoss:0.016122
NDCG_A:[0.819355 0.847848 0.850042 0.857611 0.85421  0.853248 0.850389 0.848756
 0.851746 0.851006 0.849097 0.846814 0.845176 0.847064 0.849301 0.846574
 0.846574 0.844484 0.84338  0.844201 0.844812 0.843726 0.841287 0.839643
 0.839362 0.839362 0.837472 0.837472 0.837472 0.837472]
AP_A:[0.819355 0.841935 0.837097 0.835305 0.827554 0.822177 0.81634  0.812577
 0.808685 0.806929 0.802395 0.797772 0.794592 0.795199 0.793873 0.7884
 0.7884   0.784509 0.782177 0.780944 0.779408 0.777063 0.771811 0.768854
 0.766145 0.766145 0.762501 0.762501 0.762501 0.762501]
Pre_A:[0.819355 0.687097 0.516129 0.416129 0.345806 0.292473 0.253456 0.224194
 0.204301 0.185161 0.170674 0.158065 0.146898 0.137327 0.129892 0.122984
 0.11575  0.110036 0.104924 0.100968 0.096774 0.092962 0.089762 0.08629
 0.083355 0.080149 0.077897 0.075115 0.072525 0.070108]
Recall_A:[0.334524 0.561198 0.616521 0.655123 0.674002 0.684754 0.68927  0.697335
 0.710668 0.713625 0.719969 0.724332 0.728479 0.73192  0.74106  0.749662
 0.749662 0.753963 0.757727 0.764025 0.769401 0.772089 0.778003 0.779293
 0.78467  0.78467  0.789186 0.789186 0.789186 0.789186]
