Log started at 2025-11-04 19:27:50
[Epoch:1] ApiLoss:0.190231
[Evaluate] ApiLoss:0.071968
NDCG_A:[0.451613 0.590795 0.587223 0.584219 0.577884 0.575429 0.571808]
AP_A:[0.451613 0.54957  0.528379 0.47928  0.448371 0.443552 0.432175]
Pre_A:[0.451613 0.167742 0.096774 0.089462 0.082581 0.067355 0.057849]
Recall_A:[0.192158 0.338318 0.378533 0.501459 0.620338 0.629324 0.649754]
[Epoch:2] ApiLoss:0.073202
[Evaluate] ApiLoss:0.078483
NDCG_A:[0.154839 0.41786  0.442274 0.443296 0.444241 0.441643 0.442551]
AP_A:[0.154839 0.308065 0.309099 0.293563 0.291643 0.277276 0.276244]
Pre_A:[0.154839 0.174194 0.116774 0.094194 0.072581 0.064258 0.054409]
Recall_A:[0.049739 0.346367 0.46321  0.548756 0.560369 0.610438 0.62033 ]
[Epoch:3] ApiLoss:0.0698
[Evaluate] ApiLoss:0.063694
NDCG_A:[0.283871 0.54834  0.567379 0.566786 0.565534 0.56255  0.561426]
AP_A:[0.283871 0.470789 0.465726 0.443038 0.434297 0.428821 0.424208]
Pre_A:[0.283871 0.206452 0.129032 0.101075 0.08     0.064774 0.055269]
Recall_A:[0.118456 0.408641 0.494524 0.58576  0.609739 0.615177 0.629424]
[Epoch:4] ApiLoss:0.050093
[Evaluate] ApiLoss:0.035822
NDCG_A:[0.451613 0.607128 0.610812 0.606462 0.604023 0.601097 0.595706]
AP_A:[0.451613 0.556129 0.528249 0.50197  0.49709  0.486234 0.476382]
Pre_A:[0.451613 0.190968 0.123871 0.098065 0.075161 0.06271  0.053548]
Recall_A:[0.192158 0.387619 0.48828  0.562166 0.572273 0.593671 0.606843]
[Epoch:5] ApiLoss:0.024496
[Evaluate] ApiLoss:0.020506
NDCG_A:[0.451613 0.616762 0.621747 0.616331 0.612864 0.611553 0.615102]
AP_A:[0.451613 0.557527 0.526489 0.514082 0.50372  0.496575 0.496229]
Pre_A:[0.451613 0.211613 0.141935 0.100215 0.079032 0.064774 0.054839]
Recall_A:[0.192158 0.416167 0.553594 0.581344 0.604201 0.617373 0.625822]
[Epoch:6] ApiLoss:0.019768
[Evaluate] ApiLoss:0.020024
NDCG_A:[0.451613 0.583432 0.606177 0.609437 0.602479 0.598591 0.60434 ]
AP_A:[0.451613 0.523109 0.526136 0.506348 0.48977  0.477362 0.476602]
Pre_A:[0.451613 0.214194 0.129677 0.103226 0.08129  0.067613 0.058065]
Recall_A:[0.192158 0.417465 0.4898   0.586306 0.61351  0.637327 0.65722 ]
[Epoch:7] ApiLoss:0.018967
[Evaluate] ApiLoss:0.019461
NDCG_A:[0.451613 0.601537 0.626845 0.625205 0.62138  0.618272 0.615098]
AP_A:[0.451613 0.538934 0.536909 0.523802 0.515775 0.506505 0.498084]
Pre_A:[0.451613 0.221935 0.141935 0.101505 0.078387 0.06529  0.055699]
Recall_A:[0.192158 0.430476 0.546613 0.582965 0.596943 0.61841  0.633679]
[Epoch:8] ApiLoss:0.018557
[Evaluate] ApiLoss:0.019457
NDCG_A:[0.232258 0.531587 0.548121 0.55488  0.550719 0.548074 0.545979]
AP_A:[0.232258 0.440367 0.439483 0.428996 0.418171 0.41021  0.405556]
Pre_A:[0.232258 0.224516 0.140645 0.104946 0.081935 0.068129 0.057849]
Recall_A:[0.091306 0.439078 0.545223 0.603026 0.626628 0.647327 0.656897]
[Epoch:9] ApiLoss:0.018481
[Evaluate] ApiLoss:0.019522
NDCG_A:[0.245161 0.538236 0.552467 0.551501 0.55018  0.547165 0.547312]
AP_A:[0.245161 0.456147 0.435662 0.428869 0.420131 0.408563 0.404323]
Pre_A:[0.245161 0.210323 0.143871 0.101935 0.080968 0.068645 0.058495]
Recall_A:[0.097757 0.424332 0.551836 0.580008 0.609585 0.646682 0.664962]
[Epoch:10] ApiLoss:0.018361
[Evaluate] ApiLoss:0.019378
NDCG_A:[0.451613 0.616468 0.625108 0.61807  0.611842 0.612576 0.612847]
AP_A:[0.451613 0.550036 0.533448 0.509698 0.494903 0.489655 0.487364]
Pre_A:[0.451613 0.215484 0.142581 0.104516 0.081613 0.068645 0.05828 ]
Recall_A:[0.192158 0.433103 0.548763 0.601413 0.623134 0.650338 0.658786]
[Epoch:11] ApiLoss:0.018221
[Evaluate] ApiLoss:0.019362
NDCG_A:[0.451613 0.592745 0.628116 0.627137 0.618781 0.610518 0.606758]
AP_A:[0.451613 0.531873 0.540477 0.528903 0.506569 0.486102 0.478866]
Pre_A:[0.451613 0.220645 0.143871 0.101935 0.082581 0.069677 0.05914 ]
Recall_A:[0.192158 0.430046 0.551836 0.584209 0.625499 0.660123 0.669647]
[Epoch:12] ApiLoss:0.018262
[Evaluate] ApiLoss:0.019367
NDCG_A:[0.451613 0.600199 0.6252   0.619343 0.619926 0.608206 0.604723]
AP_A:[0.451613 0.536819 0.535319 0.519603 0.507352 0.484879 0.473663]
Pre_A:[0.451613 0.220645 0.144516 0.102796 0.081613 0.068645 0.059355]
Recall_A:[0.192158 0.43553  0.553986 0.586091 0.621521 0.650768 0.676252]
[Epoch:13] ApiLoss:0.01821
[Evaluate] ApiLoss:0.019393
NDCG_A:[0.451613 0.617087 0.628452 0.62753  0.615282 0.611133 0.60619 ]
AP_A:[0.451613 0.557706 0.537106 0.519686 0.496385 0.486304 0.474691]
Pre_A:[0.451613 0.210323 0.143871 0.105376 0.083871 0.068903 0.05914 ]
Recall_A:[0.192158 0.426375 0.551836 0.605177 0.637327 0.652596 0.670445]
[Epoch:14] ApiLoss:0.018133
[Evaluate] ApiLoss:0.019383
NDCG_A:[0.451613 0.612636 0.624605 0.618081 0.615238 0.60812  0.606538]
AP_A:[0.451613 0.547885 0.533539 0.513333 0.497088 0.481551 0.476085]
Pre_A:[0.451613 0.214194 0.144516 0.104946 0.083548 0.069677 0.05957 ]
Recall_A:[0.192158 0.429877 0.553986 0.598994 0.636575 0.660983 0.676098]
[Epoch:15] ApiLoss:0.018174
[Evaluate] ApiLoss:0.019625
NDCG_A:[0.451613 0.605799 0.623136 0.62293  0.615767 0.608452 0.606601]
AP_A:[0.451613 0.546022 0.532321 0.5158   0.498533 0.484525 0.476317]
Pre_A:[0.451613 0.205161 0.14129  0.103656 0.082258 0.068645 0.05914 ]
Recall_A:[0.192158 0.409447 0.544247 0.597381 0.627435 0.651306 0.673564]
[Epoch:16] ApiLoss:0.018123
[Evaluate] ApiLoss:0.019593
NDCG_A:[0.432258 0.604953 0.620407 0.616015 0.616292 0.610374 0.605835]
AP_A:[0.432258 0.541344 0.529198 0.51162  0.503938 0.492743 0.479762]
Pre_A:[0.432258 0.219355 0.143871 0.105376 0.082258 0.067355 0.058495]
Recall_A:[0.186244 0.430691 0.553233 0.601897 0.626897 0.6398   0.665822]
[Epoch:17] ApiLoss:0.018087
[Evaluate] ApiLoss:0.019435
NDCG_A:[0.451613 0.602418 0.628221 0.62584  0.616506 0.611549 0.608945]
AP_A:[0.451613 0.539866 0.541252 0.526081 0.502532 0.49068  0.480384]
Pre_A:[0.451613 0.221935 0.14129  0.102796 0.082258 0.068129 0.05957 ]
Recall_A:[0.192158 0.437143 0.544247 0.585499 0.626359 0.645929 0.672819]
[Epoch:18] ApiLoss:0.017985
[Evaluate] ApiLoss:0.019446
NDCG_A:[0.451613 0.621817 0.627281 0.623597 0.616639 0.613249 0.6119  ]
AP_A:[0.451613 0.560502 0.536116 0.516289 0.497495 0.488078 0.48326 ]
Pre_A:[0.451613 0.220645 0.144516 0.105376 0.083871 0.069677 0.05914 ]
Recall_A:[0.192158 0.434124 0.553986 0.604201 0.640876 0.662058 0.673564]
[Test] ApiLoss:0.019341
NDCG_A:[0.406452 0.570416 0.597359 0.593979 0.589888 0.590883 0.581823]
AP_A:[0.406452 0.510269 0.505583 0.488843 0.474338 0.466219 0.447258]
Pre_A:[0.406452 0.203871 0.136774 0.098495 0.078387 0.065806 0.057204]
Recall_A:[0.171613 0.399601 0.534931 0.570154 0.603702 0.63043  0.65828 ]
